#
# There is insufficient memory for the Java Runtime Environment to continue.
# Native memory allocation (malloc) failed to allocate 32744 bytes for ChunkPool::allocate
# Possible reasons:
#   The system is out of physical RAM or swap space
#   The process is running with CompressedOops enabled, and the Java Heap may be blocking the growth of the native heap
# Possible solutions:
#   Reduce memory load on the system
#   Increase physical memory or swap space
#   Check if swap backing store is full
#   Decrease Java heap size (-Xmx/-Xms)
#   Decrease number of Java threads
#   Decrease Java thread stack sizes (-Xss)
#   Set larger code cache with -XX:ReservedCodeCacheSize=
#   JVM is running with Unscaled Compressed Oops mode in which the Java heap is
#     placed in the first 4GB address space. The Java Heap base address is the
#     maximum limit for the native heap growth. Please use -XX:HeapBaseMinAddress
#     to set the Java Heap base and to place the Java Heap above 4GB virtual address.
# This output file may be truncated or incomplete.
#
#  Out of Memory Error (arena.cpp:78), pid=12104, tid=11668
#
# JRE version: Java(TM) SE Runtime Environment (17.0.7+8) (build 17.0.7+8-LTS-224)
# Java VM: Java HotSpot(TM) 64-Bit Server VM (17.0.7+8-LTS-224, mixed mode, sharing, tiered, compressed oops, compressed class ptrs, g1 gc, windows-amd64)
# No core dump will be written. Minidumps are not enabled by default on client versions of Windows
#

---------------  S U M M A R Y ------------

Command Line: -Xmx64m -Xms64m -Dorg.gradle.appname=gradlew org.gradle.wrapper.GradleWrapperMain assembleDebug

Host: AMD Ryzen 5 4600H with Radeon Graphics         , 12 cores, 15G,  Windows 11 , 64 bit Build 26100 (10.0.26100.6725)
Time: Sat Oct 25 22:56:11 2025 Hora est. Pacífico, Sudamérica elapsed time: 42.347836 seconds (0d 0h 0m 42s)

---------------  T H R E A D  ---------------

Current thread (0x0000022a5149ef10):  JavaThread "C2 CompilerThread0" daemon [_thread_in_native, id=11668, stack(0x0000006137e00000,0x0000006137f00000)]


Current CompileTask:
C2:  42347 1904 % !   4       java.io.BufferedReader::readLine @ 139 (327 bytes)

Stack: [0x0000006137e00000,0x0000006137f00000]
Native frames: (J=compiled Java code, j=interpreted, Vv=VM code, C=native code)
V  [jvm.dll+0x676a4a]
V  [jvm.dll+0x7d74f4]
V  [jvm.dll+0x7d8c9e]
V  [jvm.dll+0x7d9303]
V  [jvm.dll+0x2452c5]
V  [jvm.dll+0xaac80]
V  [jvm.dll+0xaafcc]
V  [jvm.dll+0xaab44]
V  [jvm.dll+0x656414]
V  [jvm.dll+0x78bd4]
V  [jvm.dll+0x653cbf]
V  [jvm.dll+0x60452a]
V  [jvm.dll+0x6041de]
V  [jvm.dll+0x60458f]
V  [jvm.dll+0x6041de]
V  [jvm.dll+0x609877]
V  [jvm.dll+0x60a6dc]
V  [jvm.dll+0x608bb4]
V  [jvm.dll+0x21794e]
V  [jvm.dll+0x216f01]
V  [jvm.dll+0x1a35e0]
V  [jvm.dll+0x226a6e]
V  [jvm.dll+0x224e15]
V  [jvm.dll+0x78d05c]
V  [jvm.dll+0x78759a]
V  [jvm.dll+0x675875]
C  [ucrtbase.dll+0x37b0]
C  [KERNEL32.DLL+0x2e8d7]
C  [ntdll.dll+0x8c53c]


---------------  P R O C E S S  ---------------

Threads class SMR info:
_java_thread_list=0x0000022a5391b650, length=13, elements={
0x0000022a35961150, 0x0000022a35a22f10, 0x0000022a35a23ac0, 0x0000022a51495030,
0x0000022a514979f0, 0x0000022a514993b0, 0x0000022a51499d60, 0x0000022a5149ef10,
0x0000022a5149f9b0, 0x0000022a514a2230, 0x0000022a52079840, 0x0000022a5207eef0,
0x0000022a53520470
}

Java Threads: ( => current thread )
  0x0000022a35961150 JavaThread "main" [_thread_in_native, id=15208, stack(0x0000006137100000,0x0000006137200000)]
  0x0000022a35a22f10 JavaThread "Reference Handler" daemon [_thread_blocked, id=12560, stack(0x0000006137800000,0x0000006137900000)]
  0x0000022a35a23ac0 JavaThread "Finalizer" daemon [_thread_blocked, id=2008, stack(0x0000006137900000,0x0000006137a00000)]
  0x0000022a51495030 JavaThread "Signal Dispatcher" daemon [_thread_blocked, id=22332, stack(0x0000006137a00000,0x0000006137b00000)]
  0x0000022a514979f0 JavaThread "Attach Listener" daemon [_thread_blocked, id=2612, stack(0x0000006137b00000,0x0000006137c00000)]
  0x0000022a514993b0 JavaThread "Service Thread" daemon [_thread_blocked, id=22684, stack(0x0000006137c00000,0x0000006137d00000)]
  0x0000022a51499d60 JavaThread "Monitor Deflation Thread" daemon [_thread_blocked, id=12672, stack(0x0000006137d00000,0x0000006137e00000)]
=>0x0000022a5149ef10 JavaThread "C2 CompilerThread0" daemon [_thread_in_native, id=11668, stack(0x0000006137e00000,0x0000006137f00000)]
  0x0000022a5149f9b0 JavaThread "C1 CompilerThread0" daemon [_thread_blocked, id=10552, stack(0x0000006137f00000,0x0000006138000000)]
  0x0000022a514a2230 JavaThread "Sweeper thread" daemon [_thread_blocked, id=5940, stack(0x0000006138000000,0x0000006138100000)]
  0x0000022a52079840 JavaThread "Notification Thread" daemon [_thread_blocked, id=24088, stack(0x0000006138100000,0x0000006138200000)]
  0x0000022a5207eef0 JavaThread "Common-Cleaner" daemon [_thread_blocked, id=22348, stack(0x0000006138300000,0x0000006138400000)]
  0x0000022a53520470 JavaThread "pool-1-thread-1" [_thread_blocked, id=11852, stack(0x0000006138900000,0x0000006138a00000)]

Other Threads:
  0x0000022a35a1d470 VMThread "VM Thread" [stack: 0x0000006137700000,0x0000006137800000] [id=21304]
  0x0000022a359972d0 WatcherThread [stack: 0x0000006138200000,0x0000006138300000] [id=18180]
  0x0000022a35984dc0 GCTaskThread "GC Thread#0" [stack: 0x0000006137200000,0x0000006137300000] [id=6056]
  0x0000022a52243760 GCTaskThread "GC Thread#1" [stack: 0x0000006138600000,0x0000006138700000] [id=11564]
  0x0000022a523b7f40 GCTaskThread "GC Thread#2" [stack: 0x0000006138700000,0x0000006138800000] [id=22024]
  0x0000022a52243a10 GCTaskThread "GC Thread#3" [stack: 0x0000006138800000,0x0000006138900000] [id=21884]
  0x0000022a5355e290 GCTaskThread "GC Thread#4" [stack: 0x0000006138400000,0x0000006138500000] [id=21076]
  0x0000022a5355e540 GCTaskThread "GC Thread#5" [stack: 0x0000006138500000,0x0000006138600000] [id=19312]
  0x0000022a5355e7f0 GCTaskThread "GC Thread#6" [stack: 0x0000006138a00000,0x0000006138b00000] [id=14672]
  0x0000022a35986500 ConcurrentGCThread "G1 Main Marker" [stack: 0x0000006137300000,0x0000006137400000] [id=19952]
  0x0000022a35987be0 ConcurrentGCThread "G1 Conc#0" [stack: 0x0000006137400000,0x0000006137500000] [id=18356]
  0x0000022a359f5350 ConcurrentGCThread "G1 Refine#0" [stack: 0x0000006137500000,0x0000006137600000] [id=5384]
  0x0000022a359f6c20 ConcurrentGCThread "G1 Service" [stack: 0x0000006137600000,0x0000006137700000] [id=8232]

Threads with active compile tasks:
C2 CompilerThread0    42376 1904 % !   4       java.io.BufferedReader::readLine @ 139 (327 bytes)

VM state: not at safepoint (normal execution)

VM Mutex/Monitor currently owned by a thread: None

Heap address: 0x00000000fc000000, size: 64 MB, Compressed Oops mode: 32-bit

CDS archive(s) mapped at: [0x0000000800000000-0x0000000800bd0000-0x0000000800bd0000), size 12386304, SharedBaseAddress: 0x0000000800000000, ArchiveRelocationMode: 0.
Compressed class space mapped at: 0x0000000800c00000-0x0000000840c00000, reserved size: 1073741824
Narrow klass base: 0x0000000800000000, Narrow klass shift: 0, Narrow klass range: 0x100000000

GC Precious Log:
 CPUs: 12 total, 12 available
 Memory: 15731M
 Large Page Support: Disabled
 NUMA Support: Disabled
 Compressed Oops: Enabled (32-bit)
 Heap Region Size: 1M
 Heap Min Capacity: 64M
 Heap Initial Capacity: 64M
 Heap Max Capacity: 64M
 Pre-touch: Disabled
 Parallel Workers: 10
 Concurrent Workers: 3
 Concurrent Refinement Workers: 10
 Periodic GC: Disabled

Heap:
 garbage-first heap   total 65536K, used 22599K [0x00000000fc000000, 0x0000000100000000)
  region size 1024K, 17 young (17408K), 5 survivors (5120K)
 Metaspace       used 10398K, committed 10560K, reserved 1064960K
  class space    used 1354K, committed 1408K, reserved 1048576K

Heap Regions: E=young(eden), S=young(survivor), O=old, HS=humongous(starts), HC=humongous(continues), CS=collection set, F=free, OA=open archive, CA=closed archive, TAMS=top-at-mark-start (previous, next)
|   0|0x00000000fc000000, 0x00000000fc100000, 0x00000000fc100000|100%|HS|  |TAMS 0x00000000fc000000, 0x00000000fc000000| Complete 
|   1|0x00000000fc100000, 0x00000000fc200000, 0x00000000fc200000|100%|HC|  |TAMS 0x00000000fc100000, 0x00000000fc100000| Complete 
|   2|0x00000000fc200000, 0x00000000fc300000, 0x00000000fc300000|100%|HC|  |TAMS 0x00000000fc200000, 0x00000000fc200000| Complete 
|   3|0x00000000fc300000, 0x00000000fc400000, 0x00000000fc400000|100%| O|  |TAMS 0x00000000fc300000, 0x00000000fc300000| Untracked 
|   4|0x00000000fc400000, 0x00000000fc500000, 0x00000000fc500000|100%| O|  |TAMS 0x00000000fc400000, 0x00000000fc400000| Untracked 
|   5|0x00000000fc500000, 0x00000000fc600000, 0x00000000fc600000|100%| O|  |TAMS 0x00000000fc500000, 0x00000000fc500000| Untracked 
|   6|0x00000000fc600000, 0x00000000fc611e00, 0x00000000fc700000|  6%| O|  |TAMS 0x00000000fc600000, 0x00000000fc600000| Untracked 
|   7|0x00000000fc700000, 0x00000000fc700000, 0x00000000fc800000|  0%| F|  |TAMS 0x00000000fc700000, 0x00000000fc700000| Untracked 
|   8|0x00000000fc800000, 0x00000000fc800000, 0x00000000fc900000|  0%| F|  |TAMS 0x00000000fc800000, 0x00000000fc800000| Untracked 
|   9|0x00000000fc900000, 0x00000000fc900000, 0x00000000fca00000|  0%| F|  |TAMS 0x00000000fc900000, 0x00000000fc900000| Untracked 
|  10|0x00000000fca00000, 0x00000000fca00000, 0x00000000fcb00000|  0%| F|  |TAMS 0x00000000fca00000, 0x00000000fca00000| Untracked 
|  11|0x00000000fcb00000, 0x00000000fcb00000, 0x00000000fcc00000|  0%| F|  |TAMS 0x00000000fcb00000, 0x00000000fcb00000| Untracked 
|  12|0x00000000fcc00000, 0x00000000fcc00000, 0x00000000fcd00000|  0%| F|  |TAMS 0x00000000fcc00000, 0x00000000fcc00000| Untracked 
|  13|0x00000000fcd00000, 0x00000000fcd00000, 0x00000000fce00000|  0%| F|  |TAMS 0x00000000fcd00000, 0x00000000fcd00000| Untracked 
|  14|0x00000000fce00000, 0x00000000fce00000, 0x00000000fcf00000|  0%| F|  |TAMS 0x00000000fce00000, 0x00000000fce00000| Untracked 
|  15|0x00000000fcf00000, 0x00000000fcf00000, 0x00000000fd000000|  0%| F|  |TAMS 0x00000000fcf00000, 0x00000000fcf00000| Untracked 
|  16|0x00000000fd000000, 0x00000000fd000000, 0x00000000fd100000|  0%| F|  |TAMS 0x00000000fd000000, 0x00000000fd000000| Untracked 
|  17|0x00000000fd100000, 0x00000000fd100000, 0x00000000fd200000|  0%| F|  |TAMS 0x00000000fd100000, 0x00000000fd100000| Untracked 
|  18|0x00000000fd200000, 0x00000000fd200000, 0x00000000fd300000|  0%| F|  |TAMS 0x00000000fd200000, 0x00000000fd200000| Untracked 
|  19|0x00000000fd300000, 0x00000000fd300000, 0x00000000fd400000|  0%| F|  |TAMS 0x00000000fd300000, 0x00000000fd300000| Untracked 
|  20|0x00000000fd400000, 0x00000000fd400000, 0x00000000fd500000|  0%| F|  |TAMS 0x00000000fd400000, 0x00000000fd400000| Untracked 
|  21|0x00000000fd500000, 0x00000000fd500000, 0x00000000fd600000|  0%| F|  |TAMS 0x00000000fd500000, 0x00000000fd500000| Untracked 
|  22|0x00000000fd600000, 0x00000000fd600000, 0x00000000fd700000|  0%| F|  |TAMS 0x00000000fd600000, 0x00000000fd600000| Untracked 
|  23|0x00000000fd700000, 0x00000000fd700000, 0x00000000fd800000|  0%| F|  |TAMS 0x00000000fd700000, 0x00000000fd700000| Untracked 
|  24|0x00000000fd800000, 0x00000000fd800000, 0x00000000fd900000|  0%| F|  |TAMS 0x00000000fd800000, 0x00000000fd800000| Untracked 
|  25|0x00000000fd900000, 0x00000000fd900000, 0x00000000fda00000|  0%| F|  |TAMS 0x00000000fd900000, 0x00000000fd900000| Untracked 
|  26|0x00000000fda00000, 0x00000000fdb00000, 0x00000000fdb00000|100%| S|CS|TAMS 0x00000000fda00000, 0x00000000fda00000| Complete 
|  27|0x00000000fdb00000, 0x00000000fdc00000, 0x00000000fdc00000|100%| S|CS|TAMS 0x00000000fdb00000, 0x00000000fdb00000| Complete 
|  28|0x00000000fdc00000, 0x00000000fdd00000, 0x00000000fdd00000|100%| S|CS|TAMS 0x00000000fdc00000, 0x00000000fdc00000| Complete 
|  29|0x00000000fdd00000, 0x00000000fde00000, 0x00000000fde00000|100%| S|CS|TAMS 0x00000000fdd00000, 0x00000000fdd00000| Complete 
|  30|0x00000000fde00000, 0x00000000fdf00000, 0x00000000fdf00000|100%| S|CS|TAMS 0x00000000fde00000, 0x00000000fde00000| Complete 
|  31|0x00000000fdf00000, 0x00000000fdf00000, 0x00000000fe000000|  0%| F|  |TAMS 0x00000000fdf00000, 0x00000000fdf00000| Untracked 
|  32|0x00000000fe000000, 0x00000000fe000000, 0x00000000fe100000|  0%| F|  |TAMS 0x00000000fe000000, 0x00000000fe000000| Untracked 
|  33|0x00000000fe100000, 0x00000000fe100000, 0x00000000fe200000|  0%| F|  |TAMS 0x00000000fe100000, 0x00000000fe100000| Untracked 
|  34|0x00000000fe200000, 0x00000000fe200000, 0x00000000fe300000|  0%| F|  |TAMS 0x00000000fe200000, 0x00000000fe200000| Untracked 
|  35|0x00000000fe300000, 0x00000000fe300000, 0x00000000fe400000|  0%| F|  |TAMS 0x00000000fe300000, 0x00000000fe300000| Untracked 
|  36|0x00000000fe400000, 0x00000000fe400000, 0x00000000fe500000|  0%| F|  |TAMS 0x00000000fe400000, 0x00000000fe400000| Untracked 
|  37|0x00000000fe500000, 0x00000000fe500000, 0x00000000fe600000|  0%| F|  |TAMS 0x00000000fe500000, 0x00000000fe500000| Untracked 
|  38|0x00000000fe600000, 0x00000000fe600000, 0x00000000fe700000|  0%| F|  |TAMS 0x00000000fe600000, 0x00000000fe600000| Untracked 
|  39|0x00000000fe700000, 0x00000000fe700000, 0x00000000fe800000|  0%| F|  |TAMS 0x00000000fe700000, 0x00000000fe700000| Untracked 
|  40|0x00000000fe800000, 0x00000000fe800000, 0x00000000fe900000|  0%| F|  |TAMS 0x00000000fe800000, 0x00000000fe800000| Untracked 
|  41|0x00000000fe900000, 0x00000000fe900000, 0x00000000fea00000|  0%| F|  |TAMS 0x00000000fe900000, 0x00000000fe900000| Untracked 
|  42|0x00000000fea00000, 0x00000000fea00000, 0x00000000feb00000|  0%| F|  |TAMS 0x00000000fea00000, 0x00000000fea00000| Untracked 
|  43|0x00000000feb00000, 0x00000000feb00000, 0x00000000fec00000|  0%| F|  |TAMS 0x00000000feb00000, 0x00000000feb00000| Untracked 
|  44|0x00000000fec00000, 0x00000000fec00000, 0x00000000fed00000|  0%| F|  |TAMS 0x00000000fec00000, 0x00000000fec00000| Untracked 
|  45|0x00000000fed00000, 0x00000000fed00000, 0x00000000fee00000|  0%| F|  |TAMS 0x00000000fed00000, 0x00000000fed00000| Untracked 
|  46|0x00000000fee00000, 0x00000000fee00000, 0x00000000fef00000|  0%| F|  |TAMS 0x00000000fee00000, 0x00000000fee00000| Untracked 
|  47|0x00000000fef00000, 0x00000000fef00000, 0x00000000ff000000|  0%| F|  |TAMS 0x00000000fef00000, 0x00000000fef00000| Untracked 
|  48|0x00000000ff000000, 0x00000000ff000000, 0x00000000ff100000|  0%| F|  |TAMS 0x00000000ff000000, 0x00000000ff000000| Untracked 
|  49|0x00000000ff100000, 0x00000000ff100000, 0x00000000ff200000|  0%| F|  |TAMS 0x00000000ff100000, 0x00000000ff100000| Untracked 
|  50|0x00000000ff200000, 0x00000000ff200000, 0x00000000ff300000|  0%| F|  |TAMS 0x00000000ff200000, 0x00000000ff200000| Untracked 
|  51|0x00000000ff300000, 0x00000000ff300000, 0x00000000ff400000|  0%| F|  |TAMS 0x00000000ff300000, 0x00000000ff300000| Untracked 
|  52|0x00000000ff400000, 0x00000000ff4ec560, 0x00000000ff500000| 92%| E|  |TAMS 0x00000000ff400000, 0x00000000ff400000| Complete 
|  53|0x00000000ff500000, 0x00000000ff600000, 0x00000000ff600000|100%| E|CS|TAMS 0x00000000ff500000, 0x00000000ff500000| Complete 
|  54|0x00000000ff600000, 0x00000000ff700000, 0x00000000ff700000|100%| E|CS|TAMS 0x00000000ff600000, 0x00000000ff600000| Complete 
|  55|0x00000000ff700000, 0x00000000ff800000, 0x00000000ff800000|100%| E|CS|TAMS 0x00000000ff700000, 0x00000000ff700000| Complete 
|  56|0x00000000ff800000, 0x00000000ff900000, 0x00000000ff900000|100%| E|CS|TAMS 0x00000000ff800000, 0x00000000ff800000| Complete 
|  57|0x00000000ff900000, 0x00000000ffa00000, 0x00000000ffa00000|100%| E|CS|TAMS 0x00000000ff900000, 0x00000000ff900000| Complete 
|  58|0x00000000ffa00000, 0x00000000ffb00000, 0x00000000ffb00000|100%| E|CS|TAMS 0x00000000ffa00000, 0x00000000ffa00000| Complete 
|  59|0x00000000ffb00000, 0x00000000ffc00000, 0x00000000ffc00000|100%| E|CS|TAMS 0x00000000ffb00000, 0x00000000ffb00000| Complete 
|  60|0x00000000ffc00000, 0x00000000ffd00000, 0x00000000ffd00000|100%| E|CS|TAMS 0x00000000ffc00000, 0x00000000ffc00000| Complete 
|  61|0x00000000ffd00000, 0x00000000ffe00000, 0x00000000ffe00000|100%| E|CS|TAMS 0x00000000ffd00000, 0x00000000ffd00000| Complete 
|  62|0x00000000ffe00000, 0x00000000fff00000, 0x00000000fff00000|100%| E|CS|TAMS 0x00000000ffe00000, 0x00000000ffe00000| Complete 
|  63|0x00000000fff00000, 0x0000000100000000, 0x0000000100000000|100%| E|CS|TAMS 0x00000000fff00000, 0x00000000fff00000| Complete 

Card table byte_map: [0x0000022a4e680000,0x0000022a4e6a0000] _byte_map_base: 0x0000022a4dea0000

Marking Bits (Prev, Next): (CMBitMap*) 0x0000022a359853d0, (CMBitMap*) 0x0000022a35985410
 Prev Bits: [0x0000022a4e6c0000, 0x0000022a4e7c0000)
 Next Bits: [0x0000022a4e7c0000, 0x0000022a4e8c0000)

Polling page: 0x0000022a35a40000

Metaspace:

Usage:
  Non-class:      8.83 MB used.
      Class:      1.32 MB used.
       Both:     10.16 MB used.

Virtual space:
  Non-class space:       16.00 MB reserved,       9.00 MB ( 56%) committed,  2 nodes.
      Class space:        1.00 GB reserved,       1.38 MB ( <1%) committed,  1 nodes.
             Both:        1.02 GB reserved,      10.38 MB ( <1%) committed. 

Chunk freelists:
   Non-Class:  2.23 MB
       Class:  2.44 MB
        Both:  4.67 MB

MaxMetaspaceSize: unlimited
CompressedClassSpaceSize: 1.00 GB
Initial GC threshold: 21.00 MB
Current GC threshold: 21.00 MB
CDS: on
MetaspaceReclaimPolicy: balanced
 - commit_granule_bytes: 65536.
 - commit_granule_words: 8192.
 - virtual_space_node_default_size: 1048576.
 - enlarge_chunks_in_place: 1.
 - new_chunks_are_fully_committed: 0.
 - uncommit_free_chunks: 1.
 - use_allocation_guard: 0.
 - handle_deallocations: 1.


Internal statistics:

num_allocs_failed_limit: 0.
num_arena_births: 92.
num_arena_deaths: 0.
num_vsnodes_births: 3.
num_vsnodes_deaths: 0.
num_space_committed: 166.
num_space_uncommitted: 0.
num_chunks_returned_to_freelist: 0.
num_chunks_taken_from_freelist: 384.
num_chunk_merges: 0.
num_chunk_splits: 248.
num_chunks_enlarged: 197.
num_purges: 0.
num_inconsistent_stats: 0.

CodeHeap 'non-profiled nmethods': size=120000Kb used=820Kb max_used=820Kb free=119179Kb
 bounds [0x0000022a464b0000, 0x0000022a46720000, 0x0000022a4d9e0000]
CodeHeap 'profiled nmethods': size=120000Kb used=3669Kb max_used=3669Kb free=116330Kb
 bounds [0x0000022a3e9e0000, 0x0000022a3ed80000, 0x0000022a45f10000]
CodeHeap 'non-nmethods': size=5760Kb used=1187Kb max_used=1202Kb free=4573Kb
 bounds [0x0000022a45f10000, 0x0000022a46180000, 0x0000022a464b0000]
 total_blobs=2414 nmethods=1926 adapters=401
 compilation: enabled
              stopped_count=0, restarted_count=0
 full_count=0

Compilation events (20 events):
Event: 42.320 Thread 0x0000022a5149f9b0 1899       3       java.lang.invoke.AbstractValidatingLambdaMetafactory::isAdaptableTo (126 bytes)
Event: 42.320 Thread 0x0000022a5149f9b0 nmethod 1899 0x0000022a3ed6a810 code [0x0000022a3ed6aaa0, 0x0000022a3ed6b4e8]
Event: 42.326 Thread 0x0000022a5149f9b0 1900       3       java.util.ArrayDeque::size (17 bytes)
Event: 42.327 Thread 0x0000022a5149f9b0 nmethod 1900 0x0000022a3ed6b890 code [0x0000022a3ed6ba20, 0x0000022a3ed6bbd8]
Event: 42.327 Thread 0x0000022a5149f9b0 1901       3       java.util.ArrayDeque::sub (14 bytes)
Event: 42.327 Thread 0x0000022a5149f9b0 nmethod 1901 0x0000022a3ed6bc90 code [0x0000022a3ed6be20, 0x0000022a3ed6bf58]
Event: 42.327 Thread 0x0000022a5149f9b0 1902       1       com.google.common.collect.EvictingQueue::delegate (5 bytes)
Event: 42.327 Thread 0x0000022a5149ef10 1904 % !   4       java.io.BufferedReader::readLine @ 139 (327 bytes)
Event: 42.327 Thread 0x0000022a5149f9b0 nmethod 1902 0x0000022a4657bf90 code [0x0000022a4657c120, 0x0000022a4657c1f8]
Event: 42.327 Thread 0x0000022a5149f9b0 1903       3       java.util.ArrayDeque::removeFirst (19 bytes)
Event: 42.327 Thread 0x0000022a5149f9b0 nmethod 1903 0x0000022a3ed6c010 code [0x0000022a3ed6c1c0, 0x0000022a3ed6c418]
Event: 42.333 Thread 0x0000022a5149f9b0 1907       1       java.lang.invoke.MethodHandleImpl::isCompileConstant (2 bytes)
Event: 42.333 Thread 0x0000022a5149f9b0 nmethod 1907 0x0000022a4657c590 code [0x0000022a4657c720, 0x0000022a4657c7d8]
Event: 42.333 Thread 0x0000022a5149f9b0 1908       3       jdk.internal.org.objectweb.asm.MethodVisitor::<init> (88 bytes)
Event: 42.334 Thread 0x0000022a5149f9b0 nmethod 1908 0x0000022a3ed6c510 code [0x0000022a3ed6c760, 0x0000022a3ed6d048]
Event: 42.338 Thread 0x0000022a5149f9b0 1910       3       jdk.internal.loader.NativeLibraries$NativeLibraryImpl::find (6 bytes)
Event: 42.338 Thread 0x0000022a5149f9b0 nmethod 1910 0x0000022a3ed6d310 code [0x0000022a3ed6d4a0, 0x0000022a3ed6d5c8]
Event: 42.340 Thread 0x0000022a5149f9b0 1913       3       java.lang.reflect.AccessibleObject::setAccessible0 (7 bytes)
Event: 42.340 Thread 0x0000022a5149f9b0 nmethod 1913 0x0000022a3ed6d690 code [0x0000022a3ed6d820, 0x0000022a3ed6d938]
Event: 42.344 Thread 0x0000022a5149f9b0 1914       3       java.lang.invoke.MethodHandles$Lookup::checkAccess (232 bytes)

GC Heap History (4 events):
Event: 0.457 GC heap before
{Heap before GC invocations=0 (full 0):
 garbage-first heap   total 65536K, used 22528K [0x00000000fc000000, 0x0000000100000000)
  region size 1024K, 23 young (23552K), 0 survivors (0K)
 Metaspace       used 1829K, committed 1984K, reserved 1056768K
  class space    used 161K, committed 192K, reserved 1048576K
}
Event: 0.461 GC heap after
{Heap after GC invocations=1 (full 0):
 garbage-first heap   total 65536K, used 2528K [0x00000000fc000000, 0x0000000100000000)
  region size 1024K, 3 young (3072K), 3 survivors (3072K)
 Metaspace       used 1829K, committed 1984K, reserved 1056768K
  class space    used 161K, committed 192K, reserved 1048576K
}
Event: 1.531 GC heap before
{Heap before GC invocations=1 (full 0):
 garbage-first heap   total 65536K, used 35296K [0x00000000fc000000, 0x0000000100000000)
  region size 1024K, 33 young (33792K), 3 survivors (3072K)
 Metaspace       used 7941K, committed 8128K, reserved 1056768K
  class space    used 1091K, committed 1216K, reserved 1048576K
}
Event: 1.536 GC heap after
{Heap after GC invocations=2 (full 0):
 garbage-first heap   total 65536K, used 11335K [0x00000000fc000000, 0x0000000100000000)
  region size 1024K, 5 young (5120K), 5 survivors (5120K)
 Metaspace       used 7941K, committed 8128K, reserved 1056768K
  class space    used 1091K, committed 1216K, reserved 1048576K
}

Deoptimization events (20 events):
Event: 1.722 Thread 0x0000022a535212e0 Uncommon trap: trap_request=0xffffff45 fr.pc=0x0000022a464f7f5c relative=0x000000000000005c
Event: 1.722 Thread 0x0000022a535212e0 Uncommon trap: reason=unstable_if action=reinterpret pc=0x0000022a464f7f5c method=java.lang.AbstractStringBuilder.isLatin1()Z @ 10 c2
Event: 1.722 Thread 0x0000022a535212e0 DEOPT PACKING pc=0x0000022a464f7f5c sp=0x0000006138cfecf0
Event: 1.722 Thread 0x0000022a535212e0 DEOPT UNPACKING pc=0x0000022a45f623a3 sp=0x0000006138cfec80 mode 2
Event: 1.722 Thread 0x0000022a535212e0 Uncommon trap: trap_request=0xffffff45 fr.pc=0x0000022a4654af6c relative=0x00000000000003cc
Event: 1.722 Thread 0x0000022a535212e0 Uncommon trap: reason=unstable_if action=reinterpret pc=0x0000022a4654af6c method=java.lang.AbstractStringBuilder.isLatin1()Z @ 10 c2
Event: 1.722 Thread 0x0000022a535212e0 DEOPT PACKING pc=0x0000022a4654af6c sp=0x0000006138cfef10
Event: 1.722 Thread 0x0000022a535212e0 DEOPT UNPACKING pc=0x0000022a45f623a3 sp=0x0000006138cfee90 mode 2
Event: 3.946 Thread 0x0000022a535212e0 Uncommon trap: trap_request=0xffffff45 fr.pc=0x0000022a464be100 relative=0x0000000000000080
Event: 3.946 Thread 0x0000022a535212e0 Uncommon trap: reason=unstable_if action=reinterpret pc=0x0000022a464be100 method=java.lang.String.codePointAt(I)I @ 4 c2
Event: 3.946 Thread 0x0000022a535212e0 DEOPT PACKING pc=0x0000022a464be100 sp=0x0000006138cfee80
Event: 3.946 Thread 0x0000022a535212e0 DEOPT UNPACKING pc=0x0000022a45f623a3 sp=0x0000006138cfee18 mode 2
Event: 3.948 Thread 0x0000022a53520940 Uncommon trap: trap_request=0xffffff45 fr.pc=0x0000022a4652f4c8 relative=0x0000000000000ca8
Event: 3.948 Thread 0x0000022a53520940 Uncommon trap: reason=unstable_if action=reinterpret pc=0x0000022a4652f4c8 method=java.util.concurrent.ConcurrentHashMap.putVal(Ljava/lang/Object;Ljava/lang/Object;Z)Ljava/lang/Object; @ 97 c2
Event: 3.948 Thread 0x0000022a53520940 DEOPT PACKING pc=0x0000022a4652f4c8 sp=0x0000006138dfe3e0
Event: 3.948 Thread 0x0000022a53520940 DEOPT UNPACKING pc=0x0000022a45f623a3 sp=0x0000006138dfe368 mode 2
Event: 3.983 Thread 0x0000022a35961150 Uncommon trap: trap_request=0xffffff45 fr.pc=0x0000022a464f3dec relative=0x00000000000002cc
Event: 3.983 Thread 0x0000022a35961150 Uncommon trap: reason=unstable_if action=reinterpret pc=0x0000022a464f3dec method=java.util.HashMap.putVal(ILjava/lang/Object;Ljava/lang/Object;ZZ)Ljava/lang/Object; @ 162 c2
Event: 3.983 Thread 0x0000022a35961150 DEOPT PACKING pc=0x0000022a464f3dec sp=0x00000061371fadc0
Event: 3.983 Thread 0x0000022a35961150 DEOPT UNPACKING pc=0x0000022a45f623a3 sp=0x00000061371facf8 mode 2

Classes unloaded (0 events):
No events

Classes redefined (0 events):
No events

Internal exceptions (20 events):
Event: 0.901 Thread 0x0000022a35961150 Exception <a 'java/lang/NoSuchMethodError'{0x00000000ff026718}: 'void java.lang.invoke.DelegatingMethodHandle$Holder.delegate(java.lang.Object, java.lang.Object, int, java.lang.Object)'> (0x00000000ff026718) 
thrown [s\open\src\hotspot\share\interpreter\linkResolver.cpp, line 759]
Event: 0.905 Thread 0x0000022a35961150 Exception <a 'java/lang/NoSuchMethodError'{0x00000000ff039d60}: 'java.lang.Object java.lang.invoke.Invokers$Holder.invokeExact_MT(java.lang.Object, java.lang.Object, java.lang.Object, java.lang.Object)'> (0x00000000ff039d60) 
thrown [s\open\src\hotspot\share\interpreter\linkResolver.cpp, line 759]
Event: 0.912 Thread 0x0000022a35961150 Exception <a 'java/lang/NoSuchMethodError'{0x00000000ff064578}: 'java.lang.Object java.lang.invoke.DirectMethodHandle$Holder.invokeVirtual(java.lang.Object, java.lang.Object, java.lang.Object)'> (0x00000000ff064578) 
thrown [s\open\src\hotspot\share\interpreter\linkResolver.cpp, line 759]
Event: 1.011 Thread 0x0000022a35961150 Exception <a 'java/lang/NoSuchMethodError'{0x00000000fec8cbd0}: 'java.lang.Object java.lang.invoke.DirectMethodHandle$Holder.newInvokeSpecial(java.lang.Object, java.lang.Object, java.lang.Object, java.lang.Object, java.lang.Object)'> (0x00000000fec8cbd0) 
thrown [s\open\src\hotspot\share\interpreter\linkResolver.cpp, line 759]
Event: 1.034 Thread 0x0000022a35961150 Exception <a 'java/lang/NoSuchMethodError'{0x00000000febb2718}: 'void java.lang.invoke.DirectMethodHandle$Holder.invokeSpecial(java.lang.Object, java.lang.Object, java.lang.Object)'> (0x00000000febb2718) 
thrown [s\open\src\hotspot\share\interpreter\linkResolver.cpp, line 759]
Event: 1.355 Thread 0x0000022a35961150 Exception <a 'java/lang/NoSuchMethodError'{0x00000000fe9d0b18}: 'void java.lang.invoke.DirectMethodHandle$Holder.invokeStatic(java.lang.Object, java.lang.Object, java.lang.Object)'> (0x00000000fe9d0b18) 
thrown [s\open\src\hotspot\share\interpreter\linkResolver.cpp, line 759]
Event: 1.399 Thread 0x0000022a35961150 Exception <a 'java/lang/NoSuchMethodError'{0x00000000fe3fdca0}: 'java.lang.Object java.lang.invoke.DirectMethodHandle$Holder.newInvokeSpecial(java.lang.Object, java.lang.Object, java.lang.Object, java.lang.Object, java.lang.Object, java.lang.Object, java.lang.Object, java.lang.Object, java.lang.Object, java.lang.Object, java.lang.Object, java.lang.Object, java.lang.Object, java.lang.Object, java.lang.Object, java.lang.Object, java.lang.Object, java.lang.Object, java.lang.Object, java.lang.Object, java.lang
Event: 1.400 Thread 0x0000022a35961150 Exception <a 'java/lang/NoSuchMethodError'{0x00000000fe20a808}: 'java.lang.Object java.lang.invoke.Invokers$Holder.linkToTargetMethod(java.lang.Object, java.lang.Object, java.lang.Object, java.lang.Object, java.lang.Object, java.lang.Object, java.lang.Object, java.lang.Object, java.lang.Object, java.lang.Object, java.lang.Object, java.lang.Object, java.lang.Object, java.lang.Object, java.lang.Object, java.lang.Object, java.lang.Object, java.lang.Object, java.lang.Object, java.lang.Object, java.lang.Object,
Event: 1.438 Thread 0x0000022a35961150 Exception <a 'java/lang/NoSuchMethodError'{0x00000000fe069958}: 'java.lang.Object java.lang.invoke.DirectMethodHandle$Holder.invokeStaticInit(java.lang.Object, int, int, int, int)'> (0x00000000fe069958) 
thrown [s\open\src\hotspot\share\interpreter\linkResolver.cpp, line 759]
Event: 1.505 Thread 0x0000022a35961150 Exception <a 'java/lang/NoSuchMethodError'{0x00000000fe0d42a8}: 'java.lang.Object java.lang.invoke.DirectMethodHandle$Holder.invokeStaticInit(java.lang.Object, java.lang.Object, int, int, int, int)'> (0x00000000fe0d42a8) 
thrown [s\open\src\hotspot\share\interpreter\linkResolver.cpp, line 759]
Event: 1.522 Thread 0x0000022a35961150 Implicit null exception at 0x0000022a464efbf2 to 0x0000022a464f01c0
Event: 1.524 Thread 0x0000022a35961150 Implicit null exception at 0x0000022a464f0872 to 0x0000022a464f0e50
Event: 1.702 Thread 0x0000022a535212e0 Exception <a 'java/lang/NoSuchMethodError'{0x00000000ff890b48}: 'void java.lang.invoke.DirectMethodHandle$Holder.invokeStatic(java.lang.Object, long)'> (0x00000000ff890b48) 
thrown [s\open\src\hotspot\share\interpreter\linkResolver.cpp, line 759]
Event: 1.703 Thread 0x0000022a535212e0 Exception <a 'java/lang/NoSuchMethodError'{0x00000000ff8964a0}: 'java.lang.Object java.lang.invoke.DirectMethodHandle$Holder.newInvokeSpecial(java.lang.Object, long)'> (0x00000000ff8964a0) 
thrown [s\open\src\hotspot\share\interpreter\linkResolver.cpp, line 759]
Event: 1.705 Thread 0x0000022a535212e0 Exception <a 'java/lang/NoSuchMethodError'{0x00000000ff8a10c8}: 'java.lang.Object java.lang.invoke.DirectMethodHandle$Holder.invokeStaticInit(java.lang.Object, java.lang.Object, long, java.lang.Object)'> (0x00000000ff8a10c8) 
thrown [s\open\src\hotspot\share\interpreter\linkResolver.cpp, line 759]
Event: 1.706 Thread 0x0000022a535212e0 Exception <a 'java/lang/NoSuchMethodError'{0x00000000ff8a7750}: 'java.lang.Object java.lang.invoke.DirectMethodHandle$Holder.newInvokeSpecial(java.lang.Object, java.lang.Object, long)'> (0x00000000ff8a7750) 
thrown [s\open\src\hotspot\share\interpreter\linkResolver.cpp, line 759]
Event: 1.706 Thread 0x0000022a535212e0 Exception <a 'java/lang/NoSuchMethodError'{0x00000000ff8aba40}: 'java.lang.Object java.lang.invoke.Invokers$Holder.linkToTargetMethod(java.lang.Object, long, java.lang.Object)'> (0x00000000ff8aba40) 
thrown [s\open\src\hotspot\share\interpreter\linkResolver.cpp, line 759]
Event: 42.301 Thread 0x0000022a35961150 Exception <a 'sun/net/ConnectionResetException'{0x00000000ff56c390}: Connection reset> (0x00000000ff56c390) 
thrown [s\open\src\hotspot\share\prims\jni.cpp, line 535]
Event: 42.331 Thread 0x0000022a35961150 Exception <a 'java/lang/NoSuchMethodError'{0x00000000ff4a8be8}: 'int java.lang.invoke.DirectMethodHandle$Holder.invokeVirtual(java.lang.Object, java.lang.Object)'> (0x00000000ff4a8be8) 
thrown [s\open\src\hotspot\share\interpreter\linkResolver.cpp, line 759]
Event: 42.335 Thread 0x0000022a35961150 Exception <a 'java/io/IOException'{0x00000000ff4b4518}: Connection reset by peer> (0x00000000ff4b4518) 
thrown [s\open\src\hotspot\share\prims\jni.cpp, line 535]

VM Operations (20 events):
Event: 16.293 Executing VM operation: Cleanup
Event: 16.293 Executing VM operation: Cleanup done
Event: 21.320 Executing VM operation: Cleanup
Event: 21.320 Executing VM operation: Cleanup done
Event: 22.326 Executing VM operation: Cleanup
Event: 22.326 Executing VM operation: Cleanup done
Event: 24.337 Executing VM operation: Cleanup
Event: 24.337 Executing VM operation: Cleanup done
Event: 25.337 Executing VM operation: Cleanup
Event: 25.337 Executing VM operation: Cleanup done
Event: 27.345 Executing VM operation: Cleanup
Event: 27.345 Executing VM operation: Cleanup done
Event: 31.360 Executing VM operation: Cleanup
Event: 31.360 Executing VM operation: Cleanup done
Event: 38.414 Executing VM operation: Cleanup
Event: 38.414 Executing VM operation: Cleanup done
Event: 39.428 Executing VM operation: Cleanup
Event: 39.428 Executing VM operation: Cleanup done
Event: 40.431 Executing VM operation: Cleanup
Event: 40.431 Executing VM operation: Cleanup done

Events (20 events):
Event: 42.305 loading class sun/nio/fs/WindowsSecurityDescriptor
Event: 42.305 loading class sun/nio/fs/WindowsSecurityDescriptor done
Event: 42.305 loading class sun/nio/fs/WindowsChannelFactory
Event: 42.305 loading class sun/nio/fs/WindowsChannelFactory done
Event: 42.305 loading class sun/nio/fs/WindowsChannelFactory$1
Event: 42.305 loading class sun/nio/fs/WindowsChannelFactory$1 done
Event: 42.305 loading class sun/nio/fs/WindowsChannelFactory$Flags
Event: 42.305 loading class sun/nio/fs/WindowsChannelFactory$Flags done
Event: 42.305 loading class sun/nio/fs/WindowsChannelFactory$2
Event: 42.305 loading class sun/nio/fs/WindowsChannelFactory$2 done
Event: 42.308 loading class sun/nio/ch/FileChannelImpl$Closer
Event: 42.308 loading class sun/nio/ch/FileChannelImpl$Closer done
Event: 42.311 loading class java/util/stream/Streams$1
Event: 42.311 loading class java/util/stream/Streams$1 done
Event: 42.324 loading class java/nio/file/FileChannelLinesSpliterator$1
Event: 42.325 loading class java/nio/file/FileChannelLinesSpliterator$1 done
Event: 42.325 loading class java/nio/channels/Channels
Event: 42.325 loading class java/nio/channels/Channels done
Event: 42.339 loading class java/util/concurrent/ConcurrentLinkedQueue$Itr
Event: 42.339 loading class java/util/concurrent/ConcurrentLinkedQueue$Itr done


Dynamic libraries:
0x00007ff670ca0000 - 0x00007ff670cb0000 	C:\Program Files\Java\jdk-17\bin\java.exe
0x00007ffe3dd40000 - 0x00007ffe3dfa8000 	C:\WINDOWS\SYSTEM32\ntdll.dll
0x00007ffe3ce40000 - 0x00007ffe3cf09000 	C:\WINDOWS\System32\KERNEL32.DLL
0x00007ffe3aed0000 - 0x00007ffe3b2c2000 	C:\WINDOWS\System32\KERNELBASE.dll
0x00007ffe3b670000 - 0x00007ffe3b7bb000 	C:\WINDOWS\System32\ucrtbase.dll
0x00007ffe12920000 - 0x00007ffe12939000 	C:\Program Files\Java\jdk-17\bin\jli.dll
0x00007ffe17c40000 - 0x00007ffe17c5b000 	C:\Program Files\Java\jdk-17\bin\VCRUNTIME140.dll
0x00007ffe3c190000 - 0x00007ffe3c244000 	C:\WINDOWS\System32\ADVAPI32.dll
0x00007ffe3bf30000 - 0x00007ffe3bfd9000 	C:\WINDOWS\System32\msvcrt.dll
0x00007ffe3c540000 - 0x00007ffe3c5e6000 	C:\WINDOWS\System32\sechost.dll
0x00007ffe3d240000 - 0x00007ffe3d358000 	C:\WINDOWS\System32\RPCRT4.dll
0x00007ffe3cfa0000 - 0x00007ffe3d165000 	C:\WINDOWS\System32\USER32.dll
0x00007ffe3b580000 - 0x00007ffe3b5a7000 	C:\WINDOWS\System32\win32u.dll
0x00007ffe203d0000 - 0x00007ffe20663000 	C:\WINDOWS\WinSxS\amd64_microsoft.windows.common-controls_6595b64144ccf1df_6.0.26100.6899_none_3e0efeeae32e88c1\COMCTL32.dll
0x00007ffe3bed0000 - 0x00007ffe3befb000 	C:\WINDOWS\System32\GDI32.dll
0x00007ffe3b870000 - 0x00007ffe3b99d000 	C:\WINDOWS\System32\gdi32full.dll
0x00007ffe3b7c0000 - 0x00007ffe3b863000 	C:\WINDOWS\System32\msvcp_win.dll
0x00007ffe32510000 - 0x00007ffe3251b000 	C:\WINDOWS\SYSTEM32\VERSION.dll
0x00007ffe3bb10000 - 0x00007ffe3bb3f000 	C:\WINDOWS\System32\IMM32.DLL
0x00007ffe34ad0000 - 0x00007ffe34adc000 	C:\Program Files\Java\jdk-17\bin\vcruntime140_1.dll
0x00007ffdffb50000 - 0x00007ffdffbde000 	C:\Program Files\Java\jdk-17\bin\msvcp140.dll
0x00007ffd8fca0000 - 0x00007ffd9087d000 	C:\Program Files\Java\jdk-17\bin\server\jvm.dll
0x00007ffe3c180000 - 0x00007ffe3c188000 	C:\WINDOWS\System32\PSAPI.DLL
0x00007ffe32520000 - 0x00007ffe32555000 	C:\WINDOWS\SYSTEM32\WINMM.dll
0x00007ffe19660000 - 0x00007ffe1966a000 	C:\WINDOWS\SYSTEM32\WSOCK32.dll
0x00007ffe3d170000 - 0x00007ffe3d1e4000 	C:\WINDOWS\System32\WS2_32.dll
0x00007ffe39c80000 - 0x00007ffe39c9b000 	C:\WINDOWS\SYSTEM32\kernel.appcore.dll
0x00007ffe2cf30000 - 0x00007ffe2cf3a000 	C:\Program Files\Java\jdk-17\bin\jimage.dll
0x00007ffe2e3d0000 - 0x00007ffe2e612000 	C:\WINDOWS\SYSTEM32\DBGHELP.DLL
0x00007ffe3d8f0000 - 0x00007ffe3dc6b000 	C:\WINDOWS\System32\combase.dll
0x00007ffe3bc10000 - 0x00007ffe3bce7000 	C:\WINDOWS\System32\OLEAUT32.dll
0x00007ffe1d190000 - 0x00007ffe1d1cc000 	C:\WINDOWS\SYSTEM32\dbgcore.DLL
0x00007ffe3b4e0000 - 0x00007ffe3b578000 	C:\WINDOWS\System32\bcryptPrimitives.dll
0x00007ffe125b0000 - 0x00007ffe125d5000 	C:\Program Files\Java\jdk-17\bin\java.dll
0x00007ffd9f9a0000 - 0x00007ffd9fa77000 	C:\Program Files\Java\jdk-17\bin\jsvml.dll
0x00007ffe3c6f0000 - 0x00007ffe3ce3d000 	C:\WINDOWS\System32\SHELL32.dll
0x00007ffe3b9a0000 - 0x00007ffe3bb0b000 	C:\WINDOWS\System32\wintypes.dll
0x00007ffe38b10000 - 0x00007ffe3936d000 	C:\WINDOWS\SYSTEM32\windows.storage.dll
0x00007ffe3c440000 - 0x00007ffe3c532000 	C:\WINDOWS\System32\SHCORE.dll
0x00007ffe3d7f0000 - 0x00007ffe3d852000 	C:\WINDOWS\System32\shlwapi.dll
0x00007ffe3adf0000 - 0x00007ffe3ae19000 	C:\WINDOWS\SYSTEM32\profapi.dll
0x00007ffe12400000 - 0x00007ffe12419000 	C:\Program Files\Java\jdk-17\bin\net.dll
0x00007ffe32fb0000 - 0x00007ffe330cf000 	C:\WINDOWS\SYSTEM32\WINHTTP.dll
0x00007ffe3a210000 - 0x00007ffe3a27b000 	C:\WINDOWS\system32\mswsock.dll
0x00007ffe123e0000 - 0x00007ffe123f6000 	C:\Program Files\Java\jdk-17\bin\nio.dll
0x00007ffe123c0000 - 0x00007ffe123d8000 	C:\Program Files\Java\jdk-17\bin\zip.dll
0x00007ffe1fb00000 - 0x00007ffe1fb10000 	C:\Program Files\Java\jdk-17\bin\verify.dll
0x00007ffe360a0000 - 0x00007ffe360aa000 	C:\Program Files\Java\jdk-17\bin\management.dll
0x00007ffe36060000 - 0x00007ffe3606b000 	C:\Program Files\Java\jdk-17\bin\management_ext.dll
0x00007ffdc71d0000 - 0x00007ffdc71f7000 	C:\Users\Rokko\.gradle\native\1def1411415f61bf3af743bc5b6707747c0891f09f0c88961ee8f79bc544acac\windows-amd64\native-platform.dll
0x00007ffe34b10000 - 0x00007ffe34b1a000 	C:\Users\Rokko\.gradle\native\jansi\1.18\windows64\jansi.dll
0x00007ffe39660000 - 0x00007ffe39694000 	C:\WINDOWS\SYSTEM32\IPHLPAPI.DLL
0x00007ffe3cf90000 - 0x00007ffe3cf9a000 	C:\WINDOWS\System32\NSI.dll
0x00007ffe32f30000 - 0x00007ffe32f4e000 	C:\WINDOWS\SYSTEM32\dhcpcsvc6.DLL
0x00007ffe32f00000 - 0x00007ffe32f23000 	C:\WINDOWS\SYSTEM32\dhcpcsvc.DLL
0x00007ffe396f0000 - 0x00007ffe39816000 	C:\WINDOWS\SYSTEM32\DNSAPI.dll
0x00007ffe3a4c0000 - 0x00007ffe3a4db000 	C:\WINDOWS\SYSTEM32\CRYPTSP.dll
0x00007ffe39be0000 - 0x00007ffe39c1b000 	C:\WINDOWS\system32\rsaenh.dll
0x00007ffe3a2b0000 - 0x00007ffe3a2db000 	C:\WINDOWS\SYSTEM32\USERENV.dll
0x00007ffe3adc0000 - 0x00007ffe3ade6000 	C:\WINDOWS\SYSTEM32\bcrypt.dll
0x00007ffe3a4e0000 - 0x00007ffe3a4ec000 	C:\WINDOWS\SYSTEM32\CRYPTBASE.dll
0x00007ffe34af0000 - 0x00007ffe34afd000 	C:\Program Files\Java\jdk-17\bin\sunmscapi.dll
0x00007ffe3b2d0000 - 0x00007ffe3b447000 	C:\WINDOWS\System32\CRYPT32.dll
0x00007ffe3a6e0000 - 0x00007ffe3a710000 	C:\WINDOWS\SYSTEM32\ncrypt.dll
0x00007ffe3a690000 - 0x00007ffe3a6cf000 	C:\WINDOWS\SYSTEM32\NTASN1.dll
0x00007ffdf55e0000 - 0x00007ffdf55e8000 	C:\WINDOWS\system32\wshunix.dll

dbghelp: loaded successfully - version: 4.0.5 - missing functions: none
symbol engine: initialized successfully - sym options: 0x614 - pdb path: (cannot be retrieved)

VM Arguments:
jvm_args: -Xmx64m -Xms64m -Dorg.gradle.appname=gradlew 
java_command: org.gradle.wrapper.GradleWrapperMain assembleDebug
java_class_path (initial): D:\Portafolio\Essalud-reserva-medica-app\\gradle\wrapper\gradle-wrapper.jar
Launcher Type: SUN_STANDARD

[Global flags]
     intx CICompilerCount                          = 4                                         {product} {ergonomic}
     uint ConcGCThreads                            = 3                                         {product} {ergonomic}
     uint G1ConcRefinementThreads                  = 10                                        {product} {ergonomic}
   size_t G1HeapRegionSize                         = 1048576                                   {product} {ergonomic}
    uintx GCDrainStackTargetSize                   = 64                                        {product} {ergonomic}
   size_t InitialHeapSize                          = 67108864                                  {product} {command line}
   size_t MarkStackSize                            = 4194304                                   {product} {ergonomic}
   size_t MaxHeapSize                              = 67108864                                  {product} {command line}
   size_t MaxNewSize                               = 39845888                                  {product} {ergonomic}
   size_t MinHeapDeltaBytes                        = 1048576                                   {product} {ergonomic}
   size_t MinHeapSize                              = 67108864                                  {product} {command line}
    uintx NonNMethodCodeHeapSize                   = 5839372                                {pd product} {ergonomic}
    uintx NonProfiledCodeHeapSize                  = 122909434                              {pd product} {ergonomic}
    uintx ProfiledCodeHeapSize                     = 122909434                              {pd product} {ergonomic}
    uintx ReservedCodeCacheSize                    = 251658240                              {pd product} {ergonomic}
     bool SegmentedCodeCache                       = true                                      {product} {ergonomic}
   size_t SoftMaxHeapSize                          = 67108864                               {manageable} {ergonomic}
     bool UseCompressedClassPointers               = true                           {product lp64_product} {ergonomic}
     bool UseCompressedOops                        = true                           {product lp64_product} {ergonomic}
     bool UseG1GC                                  = true                                      {product} {ergonomic}
     bool UseLargePagesIndividualAllocation        = false                                  {pd product} {ergonomic}

Logging:
Log output configuration:
 #0: stdout all=warning uptime,level,tags
 #1: stderr all=off uptime,level,tags

Environment Variables:
CLASSPATH=D:\Portafolio\Essalud-reserva-medica-app\\gradle\wrapper\gradle-wrapper.jar
PATH=c:\\Users\\Rokko\\.trae\\sdks\\workspaces\\6f4a24f4\\versions\\node\\current;c:\\Users\\Rokko\\.trae\\sdks\\versions\\node\\current;C:\Program Files\WindowsApps\Microsoft.PowerShell_7.5.4.0_x64__8wekyb3d8bbwe;c:\Users\Rokko\.trae\sdks\workspaces\6f4a24f4\versions\node\current;c:\Users\Rokko\.trae\sdks\versions\node\current;c:\Users\Rokko\AppData\Local\Programs\cursor\resources\app\bin;C:\Program Files\Common Files\Oracle\Java\javapath;C:\windows\system32;C:\windows;C:\windows\System32\Wbem;C:\windows\System32\WindowsPowerShell\v1.0\;C:\windows\System32\OpenSSH\;C:\Program Files (x86)\NVIDIA Corporation\PhysX\Common;C:\Program Files (x86)\Dev-Cpp\MinGW64\bin;C:\WINDOWS\system32;C:\WINDOWS;C:\WINDOWS\System32\Wbem;C:\WINDOWS\System32\WindowsPowerShell\v1.0\;C:\WINDOWS\System32\OpenSSH\;C:\Program Files (x86)\Microsoft SQL Server\160\Tools\Binn\;C:\Program Files\Microsoft SQL Server\160\Tools\Binn\;C:\Program Files\Microsoft SQL Server\Client SDK\ODBC\170\Tools\Binn\;C:\Program Files\Microsoft SQL Server\160\DTS\Binn\;C:\Program Files (x86)\Microsoft SQL Server\160\DTS\Binn\;C:\Program Files\Microsoft SQL Server\150\Tools\Binn\;C:\Program Files (x86)\Wind;C:\WINDOWS\system32;C:\WINDOWS;C:\WINDOWS\System32\Wbem;C:\WINDOWS\System32\WindowsPowerShell\v1.0\;C:\WINDOWS\System32\OpenSSH\;C:\Program Files\NVIDIA Corporation\NVIDIA app\NvDLISR;C:\Program Files\MySQL\MySQL Server 9.1\bin;C:\Program Files (x86)\Windows Kits\10\Windows Performance Toolkit\;C:\Program Files\nodejs\;C:\Program Files\Git\cmd;C:\Program Files\dotnet\;C:\Program Files\GTK3-Runtime Win64\bin;C:\Users\Rokko\AppData\Local\Programs\Python\Python313\Scripts\;C:\Users\Rokko\AppData\Local\Programs\Python\Python313\;C:\Users\Rokko\AppData\Local\Programs\Python\Python311\Scripts\;C:\Users\Rokko\AppData\Local\Programs\Python\Python311\;C:\Users\Rokko\AppData\Local\Microsoft\WindowsApps;C:\Program Files (x86)\Dev-Cpp\MinGW64\bin;C:\Users\Rokko\AppData\Local\Programs\Microsoft VS Code\bin;C:\Users\Rokko\AppData
USERNAME=Rokko
LANG=en_US.UTF-8
OS=Windows_NT
PROCESSOR_IDENTIFIER=AMD64 Family 23 Model 96 Stepping 1, AuthenticAMD



---------------  S Y S T E M  ---------------

OS:
 Windows 11 , 64 bit Build 26100 (10.0.26100.6725)
OS uptime: 0 days 2:58 hours
Hyper-V role detected

CPU: total 12 (initial active 12) (12 cores per cpu, 2 threads per core) family 23 model 96 stepping 1 microcode 0x860010c, cx8, cmov, fxsr, ht, mmx, 3dnowpref, sse, sse2, sse3, ssse3, sse4a, sse4.1, sse4.2, popcnt, lzcnt, tsc, tscinvbit, avx, avx2, aes, clmul, bmi1, bmi2, adx, sha, fma, vzeroupper, clflush, clflushopt, hv

Memory: 4k page, system-wide physical 15731M (909M free)
TotalPageFile size 24762M (AvailPageFile size 2M)
current process WorkingSet (physical memory assigned to process): 109M, peak: 118M
current process commit charge ("private bytes"): 173M, peak: 182M

vm_info: Java HotSpot(TM) 64-Bit Server VM (17.0.7+8-LTS-224) for windows-amd64 JRE (17.0.7+8-LTS-224), built on Feb 28 2023 23:03:02 by "mach5one" with MS VC++ 17.1 (VS2022)

END.
