#
# There is insufficient memory for the Java Runtime Environment to continue.
# Native memory allocation (malloc) failed to allocate 1997088 bytes for Chunk::new
# Possible reasons:
#   The system is out of physical RAM or swap space
#   The process is running with CompressedOops enabled, and the Java Heap may be blocking the growth of the native heap
# Possible solutions:
#   Reduce memory load on the system
#   Increase physical memory or swap space
#   Check if swap backing store is full
#   Decrease Java heap size (-Xmx/-Xms)
#   Decrease number of Java threads
#   Decrease Java thread stack sizes (-Xss)
#   Set larger code cache with -XX:ReservedCodeCacheSize=
#   JVM is running with Unscaled Compressed Oops mode in which the Java heap is
#     placed in the first 4GB address space. The Java Heap base address is the
#     maximum limit for the native heap growth. Please use -XX:HeapBaseMinAddress
#     to set the Java Heap base and to place the Java Heap above 4GB virtual address.
# This output file may be truncated or incomplete.
#
#  Out of Memory Error (arena.cpp:189), pid=18644, tid=12484
#
# JRE version: Java(TM) SE Runtime Environment (17.0.7+8) (build 17.0.7+8-LTS-224)
# Java VM: Java HotSpot(TM) 64-Bit Server VM (17.0.7+8-LTS-224, mixed mode, sharing, tiered, compressed oops, compressed class ptrs, g1 gc, windows-amd64)
# No core dump will be written. Minidumps are not enabled by default on client versions of Windows
#

---------------  S U M M A R Y ------------

Command Line: --add-opens=java.base/java.lang=ALL-UNNAMED --add-opens=java.base/java.lang.invoke=ALL-UNNAMED --add-opens=java.base/java.util=ALL-UNNAMED --add-opens=java.prefs/java.util.prefs=ALL-UNNAMED --add-exports=jdk.compiler/com.sun.tools.javac.api=ALL-UNNAMED --add-exports=jdk.compiler/com.sun.tools.javac.util=ALL-UNNAMED --add-opens=java.base/java.util=ALL-UNNAMED --add-opens=java.prefs/java.util.prefs=ALL-UNNAMED --add-opens=java.base/java.nio.charset=ALL-UNNAMED --add-opens=java.base/java.net=ALL-UNNAMED --add-opens=java.base/java.util.concurrent.atomic=ALL-UNNAMED --add-opens=java.xml/javax.xml.namespace=ALL-UNNAMED -Xmx2048m -Dfile.encoding=UTF-8 -Duser.country=PE -Duser.language=es -Duser.variant -javaagent:C:\Users\Rokko\.gradle\wrapper\dists\gradle-8.13-bin\5xuhj0ry160q40clulazy9h7d\gradle-8.13\lib\agents\gradle-instrumentation-agent-8.13.jar org.gradle.launcher.daemon.bootstrap.GradleDaemon 8.13

Host: AMD Ryzen 5 4600H with Radeon Graphics         , 12 cores, 15G,  Windows 11 , 64 bit Build 26100 (10.0.26100.6725)
Time: Sat Oct 25 22:56:56 2025 Hora est. Pacífico, Sudamérica elapsed time: 34.387855 seconds (0d 0h 0m 34s)

---------------  T H R E A D  ---------------

Current thread (0x000001fcecf0df40):  JavaThread "C2 CompilerThread0" daemon [_thread_in_native, id=12484, stack(0x00000023a4100000,0x00000023a4200000)]


Current CompileTask:
C2:  34387 9899   !   4       java.net.URLClassLoader::findClass (47 bytes)

Stack: [0x00000023a4100000,0x00000023a4200000]
Native frames: (J=compiled Java code, j=interpreted, Vv=VM code, C=native code)
V  [jvm.dll+0x676a4a]
V  [jvm.dll+0x7d74f4]
V  [jvm.dll+0x7d8c9e]
V  [jvm.dll+0x7d9303]
V  [jvm.dll+0x2452c5]
V  [jvm.dll+0xaaa2b]
V  [jvm.dll+0xaafcc]
V  [jvm.dll+0x36141e]
V  [jvm.dll+0x1bb55a]
V  [jvm.dll+0x217c27]
V  [jvm.dll+0x216f01]
V  [jvm.dll+0x1a35e0]
V  [jvm.dll+0x226a6e]
V  [jvm.dll+0x224e15]
V  [jvm.dll+0x78d05c]
V  [jvm.dll+0x78759a]
V  [jvm.dll+0x675875]
C  [ucrtbase.dll+0x37b0]
C  [KERNEL32.DLL+0x2e8d7]
C  [ntdll.dll+0x8c53c]


---------------  P R O C E S S  ---------------

Threads class SMR info:
_java_thread_list=0x000001fceed54890, length=80, elements={
0x000001fcce8ade10, 0x000001fcecef1d30, 0x000001fcecef3360, 0x000001fcecf08be0,
0x000001fcecf0b5b0, 0x000001fcecf0be70, 0x000001fcecf0c730, 0x000001fcecf0df40,
0x000001fcecf0e8f0, 0x000001fced949090, 0x000001fcecedbb70, 0x000001fcedba74e0,
0x000001fcefa88eb0, 0x000001fcefa8a6c0, 0x000001fcefa89850, 0x000001fcefa89d20,
0x000001fcefa8c870, 0x000001fcefa8bed0, 0x000001fcefa89380, 0x000001fcefa8ab90,
0x000001fcefa8a1f0, 0x000001fcefa8b060, 0x000001fcefa8b530, 0x000001fcefa8c3a0,
0x000001fcefa8ba00, 0x000001fcf2aadd70, 0x000001fcf2ab1730, 0x000001fcf2ab1c00,
0x000001fcf2ab08c0, 0x000001fcf2aaebe0, 0x000001fcf2ab03f0, 0x000001fcf2ab25a0,
0x000001fcf2ab2a70, 0x000001fcf2ab55c0, 0x000001fcf2ab3db0, 0x000001fcf2ab4280,
0x000001fcf2ab3410, 0x000001fcf289f190, 0x000001fcf28a0e70, 0x000001fcf289f660,
0x000001fcf289fb30, 0x000001fcf28a1340, 0x000001fcf28a0000, 0x000001fcf28a04d0,
0x000001fcf289d980, 0x000001fcf28a1810, 0x000001fcf289de50, 0x000001fcf28a09a0,
0x000001fcf28a1ce0, 0x000001fcf289e320, 0x000001fcf28a21b0, 0x000001fcf289e7f0,
0x000001fcf28a2680, 0x000001fcf289ecc0, 0x000001fcf28a2b50, 0x000001fcf28a4830,
0x000001fcf28a4360, 0x000001fcf28a3020, 0x000001fcf28a34f0, 0x000001fcf28a39c0,
0x000001fcf28a3e90, 0x000001fcf28a4d00, 0x000001fcf28a51d0, 0x000001fcf45d0580,
0x000001fcf45d3a70, 0x000001fcf45d0a50, 0x000001fcf45d35a0, 0x000001fcf45d18c0,
0x000001fcf45d00b0, 0x000001fcf45d5280, 0x000001fcf45d2c00, 0x000001fcf45d4410,
0x000001fcf45d3f40, 0x000001fcf45d30d0, 0x000001fcf45d48e0, 0x000001fcf45d5750,
0x000001fcf45d4db0, 0x000001fcf45d7900, 0x000001fcf45d6f60, 0x000001fcf4af5690
}

Java Threads: ( => current thread )
  0x000001fcce8ade10 JavaThread "main" [_thread_blocked, id=1744, stack(0x00000023a3400000,0x00000023a3500000)]
  0x000001fcecef1d30 JavaThread "Reference Handler" daemon [_thread_blocked, id=11048, stack(0x00000023a3b00000,0x00000023a3c00000)]
  0x000001fcecef3360 JavaThread "Finalizer" daemon [_thread_blocked, id=13628, stack(0x00000023a3c00000,0x00000023a3d00000)]
  0x000001fcecf08be0 JavaThread "Signal Dispatcher" daemon [_thread_blocked, id=1036, stack(0x00000023a3d00000,0x00000023a3e00000)]
  0x000001fcecf0b5b0 JavaThread "Attach Listener" daemon [_thread_blocked, id=9984, stack(0x00000023a3e00000,0x00000023a3f00000)]
  0x000001fcecf0be70 JavaThread "Service Thread" daemon [_thread_blocked, id=6424, stack(0x00000023a3f00000,0x00000023a4000000)]
  0x000001fcecf0c730 JavaThread "Monitor Deflation Thread" daemon [_thread_blocked, id=6456, stack(0x00000023a4000000,0x00000023a4100000)]
=>0x000001fcecf0df40 JavaThread "C2 CompilerThread0" daemon [_thread_in_native, id=12484, stack(0x00000023a4100000,0x00000023a4200000)]
  0x000001fcecf0e8f0 JavaThread "C1 CompilerThread0" daemon [_thread_blocked, id=7440, stack(0x00000023a4200000,0x00000023a4300000)]
  0x000001fced949090 JavaThread "Sweeper thread" daemon [_thread_blocked, id=16524, stack(0x00000023a4300000,0x00000023a4400000)]
  0x000001fcecedbb70 JavaThread "Common-Cleaner" daemon [_thread_blocked, id=2540, stack(0x00000023a4400000,0x00000023a4500000)]
  0x000001fcedba74e0 JavaThread "Notification Thread" daemon [_thread_blocked, id=9032, stack(0x00000023a4500000,0x00000023a4600000)]
  0x000001fcefa88eb0 JavaThread "Daemon health stats" [_thread_blocked, id=11852, stack(0x00000023a4d00000,0x00000023a4e00000)]
  0x000001fcefa8a6c0 JavaThread "Incoming local TCP Connector on port 49395" [_thread_in_native, id=23692, stack(0x00000023a4800000,0x00000023a4900000)]
  0x000001fcefa89850 JavaThread "Daemon periodic checks" [_thread_blocked, id=15856, stack(0x00000023a4e00000,0x00000023a4f00000)]
  0x000001fcefa89d20 JavaThread "Daemon" [_thread_blocked, id=8432, stack(0x00000023a5000000,0x00000023a5100000)]
  0x000001fcefa8c870 JavaThread "Handler for socket connection from /127.0.0.1:49395 to /127.0.0.1:49396" [_thread_in_native, id=12308, stack(0x00000023a5100000,0x00000023a5200000)]
  0x000001fcefa8bed0 JavaThread "Cancel handler" [_thread_blocked, id=25564, stack(0x00000023a4f00000,0x00000023a5000000)]
  0x000001fcefa89380 JavaThread "Daemon worker" [_thread_in_native, id=21052, stack(0x00000023a5200000,0x00000023a5300000)]
  0x000001fcefa8ab90 JavaThread "Asynchronous log dispatcher for DefaultDaemonConnection: socket connection from /127.0.0.1:49395 to /127.0.0.1:49396" [_thread_blocked, id=25156, stack(0x00000023a5300000,0x00000023a5400000)]
  0x000001fcefa8a1f0 JavaThread "Stdin handler" [_thread_blocked, id=17176, stack(0x00000023a5400000,0x00000023a5500000)]
  0x000001fcefa8b060 JavaThread "Daemon client event forwarder" [_thread_blocked, id=23772, stack(0x00000023a5500000,0x00000023a5600000)]
  0x000001fcefa8b530 JavaThread "Cache worker for journal cache (C:\Users\Rokko\.gradle\caches\journal-1)" [_thread_blocked, id=21924, stack(0x00000023a5600000,0x00000023a5700000)]
  0x000001fcefa8c3a0 JavaThread "File lock request listener" [_thread_in_native, id=24032, stack(0x00000023a5700000,0x00000023a5800000)]
  0x000001fcefa8ba00 JavaThread "Cache worker for file hash cache (C:\Users\Rokko\.gradle\caches\8.13\fileHashes)" [_thread_blocked, id=23788, stack(0x00000023a5800000,0x00000023a5900000)]
  0x000001fcf2aadd70 JavaThread "Cache worker for file hash cache (D:\Portafolio\Essalud-reserva-medica-app\.gradle\8.13\fileHashes)" [_thread_blocked, id=23400, stack(0x00000023a5b00000,0x00000023a5c00000)]
  0x000001fcf2ab1730 JavaThread "Cache worker for Build Output Cleanup Cache (D:\Portafolio\Essalud-reserva-medica-app\.gradle\buildOutputCleanup)" [_thread_blocked, id=18700, stack(0x00000023a5c00000,0x00000023a5d00000)]
  0x000001fcf2ab1c00 JavaThread "File watcher server" daemon [_thread_in_native, id=24632, stack(0x00000023a6300000,0x00000023a6400000)]
  0x000001fcf2ab08c0 JavaThread "File watcher consumer" daemon [_thread_blocked, id=12444, stack(0x00000023a6400000,0x00000023a6500000)]
  0x000001fcf2aaebe0 JavaThread "Cache worker for checksums cache (D:\Portafolio\Essalud-reserva-medica-app\.gradle\8.13\checksums)" [_thread_blocked, id=7236, stack(0x00000023a6500000,0x00000023a6600000)]
  0x000001fcf2ab03f0 JavaThread "Cache worker for file content cache (C:\Users\Rokko\.gradle\caches\8.13\fileContent)" [_thread_blocked, id=7532, stack(0x00000023a5a00000,0x00000023a5b00000)]
  0x000001fcf2ab25a0 JavaThread "Cache worker for cache directory md-supplier (C:\Users\Rokko\.gradle\caches\8.13\md-supplier)" [_thread_blocked, id=25308, stack(0x00000023a6600000,0x00000023a6700000)]
  0x000001fcf2ab2a70 JavaThread "Cache worker for cache directory md-rule (C:\Users\Rokko\.gradle\caches\8.13\md-rule)" [_thread_blocked, id=24572, stack(0x00000023a6700000,0x00000023a6800000)]
  0x000001fcf2ab55c0 JavaThread "Unconstrained build operations" [_thread_blocked, id=14408, stack(0x00000023a6800000,0x00000023a6900000)]
  0x000001fcf2ab3db0 JavaThread "Unconstrained build operations Thread 2" [_thread_blocked, id=16308, stack(0x00000023a6900000,0x00000023a6a00000)]
  0x000001fcf2ab4280 JavaThread "Unconstrained build operations Thread 3" [_thread_blocked, id=16848, stack(0x00000023a6a00000,0x00000023a6b00000)]
  0x000001fcf2ab3410 JavaThread "Unconstrained build operations Thread 4" [_thread_blocked, id=6736, stack(0x00000023a6b00000,0x00000023a6c00000)]
  0x000001fcf289f190 JavaThread "Unconstrained build operations Thread 5" [_thread_blocked, id=13872, stack(0x00000023a6c00000,0x00000023a6d00000)]
  0x000001fcf28a0e70 JavaThread "Unconstrained build operations Thread 6" [_thread_blocked, id=5840, stack(0x00000023a6d00000,0x00000023a6e00000)]
  0x000001fcf289f660 JavaThread "Unconstrained build operations Thread 7" [_thread_blocked, id=17260, stack(0x00000023a6e00000,0x00000023a6f00000)]
  0x000001fcf289fb30 JavaThread "Unconstrained build operations Thread 8" [_thread_blocked, id=24040, stack(0x00000023a6f00000,0x00000023a7000000)]
  0x000001fcf28a1340 JavaThread "Unconstrained build operations Thread 9" [_thread_blocked, id=23392, stack(0x00000023a7000000,0x00000023a7100000)]
  0x000001fcf28a0000 JavaThread "Unconstrained build operations Thread 10" [_thread_blocked, id=192, stack(0x00000023a7100000,0x00000023a7200000)]
  0x000001fcf28a04d0 JavaThread "Unconstrained build operations Thread 11" [_thread_blocked, id=9864, stack(0x00000023a7200000,0x00000023a7300000)]
  0x000001fcf289d980 JavaThread "Unconstrained build operations Thread 12" [_thread_blocked, id=23760, stack(0x00000023a7300000,0x00000023a7400000)]
  0x000001fcf28a1810 JavaThread "Unconstrained build operations Thread 13" [_thread_blocked, id=21620, stack(0x00000023a7400000,0x00000023a7500000)]
  0x000001fcf289de50 JavaThread "Unconstrained build operations Thread 14" [_thread_blocked, id=18256, stack(0x00000023a7500000,0x00000023a7600000)]
  0x000001fcf28a09a0 JavaThread "Unconstrained build operations Thread 15" [_thread_blocked, id=6956, stack(0x00000023a7600000,0x00000023a7700000)]
  0x000001fcf28a1ce0 JavaThread "Unconstrained build operations Thread 16" [_thread_blocked, id=24636, stack(0x00000023a7700000,0x00000023a7800000)]
  0x000001fcf289e320 JavaThread "Unconstrained build operations Thread 17" [_thread_blocked, id=23008, stack(0x00000023a7800000,0x00000023a7900000)]
  0x000001fcf28a21b0 JavaThread "Unconstrained build operations Thread 18" [_thread_blocked, id=6360, stack(0x00000023a7900000,0x00000023a7a00000)]
  0x000001fcf289e7f0 JavaThread "Unconstrained build operations Thread 19" [_thread_blocked, id=4716, stack(0x00000023a7a00000,0x00000023a7b00000)]
  0x000001fcf28a2680 JavaThread "Unconstrained build operations Thread 20" [_thread_blocked, id=24620, stack(0x00000023a7b00000,0x00000023a7c00000)]
  0x000001fcf289ecc0 JavaThread "Unconstrained build operations Thread 21" [_thread_blocked, id=18464, stack(0x00000023a7c00000,0x00000023a7d00000)]
  0x000001fcf28a2b50 JavaThread "Unconstrained build operations Thread 22" [_thread_blocked, id=16064, stack(0x00000023a7d00000,0x00000023a7e00000)]
  0x000001fcf28a4830 JavaThread "Unconstrained build operations Thread 23" [_thread_blocked, id=22592, stack(0x00000023a5900000,0x00000023a5a00000)]
  0x000001fcf28a4360 JavaThread "Unconstrained build operations Thread 24" [_thread_blocked, id=10540, stack(0x00000023a7e00000,0x00000023a7f00000)]
  0x000001fcf28a3020 JavaThread "Unconstrained build operations Thread 25" [_thread_blocked, id=20748, stack(0x00000023a7f00000,0x00000023a8000000)]
  0x000001fcf28a34f0 JavaThread "Unconstrained build operations Thread 26" [_thread_blocked, id=24076, stack(0x00000023a8000000,0x00000023a8100000)]
  0x000001fcf28a39c0 JavaThread "Unconstrained build operations Thread 27" [_thread_blocked, id=21540, stack(0x00000023a8100000,0x00000023a8200000)]
  0x000001fcf28a3e90 JavaThread "Unconstrained build operations Thread 28" [_thread_blocked, id=11868, stack(0x00000023a8200000,0x00000023a8300000)]
  0x000001fcf28a4d00 JavaThread "Unconstrained build operations Thread 29" [_thread_blocked, id=23768, stack(0x00000023a8300000,0x00000023a8400000)]
  0x000001fcf28a51d0 JavaThread "Unconstrained build operations Thread 30" [_thread_blocked, id=19964, stack(0x00000023a8400000,0x00000023a8500000)]
  0x000001fcf45d0580 JavaThread "Unconstrained build operations Thread 31" [_thread_blocked, id=23532, stack(0x00000023a8500000,0x00000023a8600000)]
  0x000001fcf45d3a70 JavaThread "Unconstrained build operations Thread 32" [_thread_blocked, id=10016, stack(0x00000023a8600000,0x00000023a8700000)]
  0x000001fcf45d0a50 JavaThread "Unconstrained build operations Thread 33" [_thread_blocked, id=17940, stack(0x00000023a8700000,0x00000023a8800000)]
  0x000001fcf45d35a0 JavaThread "Unconstrained build operations Thread 34" [_thread_blocked, id=17340, stack(0x00000023a8900000,0x00000023a8a00000)]
  0x000001fcf45d18c0 JavaThread "Unconstrained build operations Thread 35" [_thread_blocked, id=22524, stack(0x00000023a8a00000,0x00000023a8b00000)]
  0x000001fcf45d00b0 JavaThread "Unconstrained build operations Thread 36" [_thread_blocked, id=19832, stack(0x00000023a8b00000,0x00000023a8c00000)]
  0x000001fcf45d5280 JavaThread "Unconstrained build operations Thread 37" [_thread_blocked, id=3116, stack(0x00000023a8c00000,0x00000023a8d00000)]
  0x000001fcf45d2c00 JavaThread "Unconstrained build operations Thread 38" [_thread_blocked, id=24832, stack(0x00000023a8d00000,0x00000023a8e00000)]
  0x000001fcf45d4410 JavaThread "Unconstrained build operations Thread 39" [_thread_blocked, id=5916, stack(0x00000023a8e00000,0x00000023a8f00000)]
  0x000001fcf45d3f40 JavaThread "Unconstrained build operations Thread 40" [_thread_blocked, id=16036, stack(0x00000023a8f00000,0x00000023a9000000)]
  0x000001fcf45d30d0 JavaThread "Unconstrained build operations Thread 41" [_thread_blocked, id=1968, stack(0x00000023a9000000,0x00000023a9100000)]
  0x000001fcf45d48e0 JavaThread "Unconstrained build operations Thread 42" [_thread_blocked, id=23204, stack(0x00000023a9100000,0x00000023a9200000)]
  0x000001fcf45d5750 JavaThread "Unconstrained build operations Thread 43" [_thread_blocked, id=20156, stack(0x00000023a9200000,0x00000023a9300000)]
  0x000001fcf45d4db0 JavaThread "Unconstrained build operations Thread 44" [_thread_blocked, id=22548, stack(0x00000023a9300000,0x00000023a9400000)]
  0x000001fcf45d7900 JavaThread "Memory manager" [_thread_blocked, id=4236, stack(0x00000023a9500000,0x00000023a9600000)]
  0x000001fcf45d6f60 JavaThread "build event listener" [_thread_blocked, id=23808, stack(0x00000023a9400000,0x00000023a9500000)]
  0x000001fcf4af5690 JavaThread "C2 CompilerThread1" daemon [_thread_blocked, id=5584, stack(0x00000023a9700000,0x00000023a9800000)]

Other Threads:
  0x000001fceceedc70 VMThread "VM Thread" [stack: 0x00000023a3a00000,0x00000023a3b00000] [id=16932]
  0x000001fcce8aeb90 WatcherThread [stack: 0x00000023a4600000,0x00000023a4700000] [id=20772]
  0x000001fccc6be800 GCTaskThread "GC Thread#0" [stack: 0x00000023a3500000,0x00000023a3600000] [id=19688]
  0x000001fcedbc6da0 GCTaskThread "GC Thread#1" [stack: 0x00000023a4900000,0x00000023a4a00000] [id=13564]
  0x000001fcedbc8070 GCTaskThread "GC Thread#2" [stack: 0x00000023a4a00000,0x00000023a4b00000] [id=22872]
  0x000001fcedbc6af0 GCTaskThread "GC Thread#3" [stack: 0x00000023a4b00000,0x00000023a4c00000] [id=10976]
  0x000001fcedbc7b10 GCTaskThread "GC Thread#4" [stack: 0x00000023a4c00000,0x00000023a4d00000] [id=14544]
  0x000001fcef5e5840 GCTaskThread "GC Thread#5" [stack: 0x00000023a4700000,0x00000023a4800000] [id=11564]
  0x000001fcef5e52e0 GCTaskThread "GC Thread#6" [stack: 0x00000023a5d00000,0x00000023a5e00000] [id=17988]
  0x000001fcef5e42c0 GCTaskThread "GC Thread#7" [stack: 0x00000023a5e00000,0x00000023a5f00000] [id=21648]
  0x000001fcef5e4ad0 GCTaskThread "GC Thread#8" [stack: 0x00000023a5f00000,0x00000023a6000000] [id=22040]
  0x000001fcef5e4d80 GCTaskThread "GC Thread#9" [stack: 0x00000023a6000000,0x00000023a6100000] [id=24116]
  0x000001fcce919c20 ConcurrentGCThread "G1 Main Marker" [stack: 0x00000023a3600000,0x00000023a3700000] [id=7688]
  0x000001fcce91b8b0 ConcurrentGCThread "G1 Conc#0" [stack: 0x00000023a3700000,0x00000023a3800000] [id=2788]
  0x000001fcef5e5030 ConcurrentGCThread "G1 Conc#1" [stack: 0x00000023a6100000,0x00000023a6200000] [id=18728]
  0x000001fcedbc6840 ConcurrentGCThread "G1 Conc#2" [stack: 0x00000023a6200000,0x00000023a6300000] [id=11384]
  0x000001fcce96e2a0 ConcurrentGCThread "G1 Refine#0" [stack: 0x00000023a3800000,0x00000023a3900000] [id=12252]
  0x000001fcce96ea70 ConcurrentGCThread "G1 Service" [stack: 0x00000023a3900000,0x00000023a3a00000] [id=23928]

Threads with active compile tasks:
C2 CompilerThread0    34429 9899   !   4       java.net.URLClassLoader::findClass (47 bytes)

VM state: not at safepoint (normal execution)

VM Mutex/Monitor currently owned by a thread: None

Heap address: 0x0000000080000000, size: 2048 MB, Compressed Oops mode: 32-bit

CDS archive(s) mapped at: [0x0000000800000000-0x0000000800bd0000-0x0000000800bd0000), size 12386304, SharedBaseAddress: 0x0000000800000000, ArchiveRelocationMode: 0.
Compressed class space mapped at: 0x0000000800c00000-0x0000000840c00000, reserved size: 1073741824
Narrow klass base: 0x0000000800000000, Narrow klass shift: 0, Narrow klass range: 0x100000000

GC Precious Log:
 CPUs: 12 total, 12 available
 Memory: 15731M
 Large Page Support: Disabled
 NUMA Support: Disabled
 Compressed Oops: Enabled (32-bit)
 Heap Region Size: 1M
 Heap Min Capacity: 8M
 Heap Initial Capacity: 246M
 Heap Max Capacity: 2G
 Pre-touch: Disabled
 Parallel Workers: 10
 Concurrent Workers: 3
 Concurrent Refinement Workers: 10
 Periodic GC: Disabled

Heap:
 garbage-first heap   total 172032K, used 116274K [0x0000000080000000, 0x0000000100000000)
  region size 1024K, 22 young (22528K), 3 survivors (3072K)
 Metaspace       used 76702K, committed 77504K, reserved 1122304K
  class space    used 10571K, committed 10944K, reserved 1048576K

Heap Regions: E=young(eden), S=young(survivor), O=old, HS=humongous(starts), HC=humongous(continues), CS=collection set, F=free, OA=open archive, CA=closed archive, TAMS=top-at-mark-start (previous, next)
|   0|0x0000000080000000, 0x0000000080100000, 0x0000000080100000|100%|HS|  |TAMS 0x0000000080100000, 0x0000000080000000| Complete 
|   1|0x0000000080100000, 0x0000000080200000, 0x0000000080200000|100%|HC|  |TAMS 0x0000000080200000, 0x0000000080100000| Complete 
|   2|0x0000000080200000, 0x0000000080300000, 0x0000000080300000|100%|HC|  |TAMS 0x0000000080300000, 0x0000000080200000| Complete 
|   3|0x0000000080300000, 0x0000000080400000, 0x0000000080400000|100%| O|  |TAMS 0x0000000080400000, 0x0000000080300000| Untracked 
|   4|0x0000000080400000, 0x0000000080500000, 0x0000000080500000|100%| O|  |TAMS 0x0000000080500000, 0x0000000080400000| Untracked 
|   5|0x0000000080500000, 0x0000000080600000, 0x0000000080600000|100%| O|  |TAMS 0x0000000080600000, 0x0000000080500000| Untracked 
|   6|0x0000000080600000, 0x0000000080700000, 0x0000000080700000|100%|HS|  |TAMS 0x0000000080700000, 0x0000000080600000| Complete 
|   7|0x0000000080700000, 0x0000000080800000, 0x0000000080800000|100%| O|  |TAMS 0x0000000080800000, 0x0000000080700000| Untracked 
|   8|0x0000000080800000, 0x0000000080900000, 0x0000000080900000|100%| O|  |TAMS 0x0000000080900000, 0x0000000080800000| Untracked 
|   9|0x0000000080900000, 0x0000000080a00000, 0x0000000080a00000|100%| O|  |TAMS 0x0000000080a00000, 0x0000000080900000| Untracked 
|  10|0x0000000080a00000, 0x0000000080b00000, 0x0000000080b00000|100%| O|  |TAMS 0x0000000080b00000, 0x0000000080a00000| Untracked 
|  11|0x0000000080b00000, 0x0000000080c00000, 0x0000000080c00000|100%| O|  |TAMS 0x0000000080c00000, 0x0000000080b00000| Untracked 
|  12|0x0000000080c00000, 0x0000000080d00000, 0x0000000080d00000|100%| O|  |TAMS 0x0000000080d00000, 0x0000000080c00000| Untracked 
|  13|0x0000000080d00000, 0x0000000080e00000, 0x0000000080e00000|100%| O|  |TAMS 0x0000000080e00000, 0x0000000080d00000| Untracked 
|  14|0x0000000080e00000, 0x0000000080f00000, 0x0000000080f00000|100%| O|  |TAMS 0x0000000080f00000, 0x0000000080e00000| Untracked 
|  15|0x0000000080f00000, 0x0000000081000000, 0x0000000081000000|100%| O|  |TAMS 0x0000000081000000, 0x0000000080f00000| Untracked 
|  16|0x0000000081000000, 0x0000000081100000, 0x0000000081100000|100%| O|  |TAMS 0x0000000081100000, 0x0000000081000000| Untracked 
|  17|0x0000000081100000, 0x0000000081200000, 0x0000000081200000|100%| O|  |TAMS 0x0000000081200000, 0x0000000081100000| Untracked 
|  18|0x0000000081200000, 0x0000000081300000, 0x0000000081300000|100%| O|  |TAMS 0x0000000081300000, 0x0000000081200000| Untracked 
|  19|0x0000000081300000, 0x0000000081400000, 0x0000000081400000|100%| O|  |TAMS 0x0000000081400000, 0x0000000081300000| Untracked 
|  20|0x0000000081400000, 0x0000000081500000, 0x0000000081500000|100%| O|  |TAMS 0x0000000081500000, 0x0000000081400000| Untracked 
|  21|0x0000000081500000, 0x0000000081600000, 0x0000000081600000|100%| O|  |TAMS 0x0000000081600000, 0x0000000081500000| Untracked 
|  22|0x0000000081600000, 0x0000000081700000, 0x0000000081700000|100%| O|  |TAMS 0x0000000081700000, 0x0000000081600000| Untracked 
|  23|0x0000000081700000, 0x0000000081800000, 0x0000000081800000|100%| O|  |TAMS 0x0000000081800000, 0x0000000081700000| Untracked 
|  24|0x0000000081800000, 0x0000000081900000, 0x0000000081900000|100%| O|  |TAMS 0x0000000081900000, 0x0000000081800000| Untracked 
|  25|0x0000000081900000, 0x0000000081a00000, 0x0000000081a00000|100%| O|  |TAMS 0x0000000081a00000, 0x0000000081900000| Untracked 
|  26|0x0000000081a00000, 0x0000000081b00000, 0x0000000081b00000|100%| O|  |TAMS 0x0000000081b00000, 0x0000000081a00000| Untracked 
|  27|0x0000000081b00000, 0x0000000081c00000, 0x0000000081c00000|100%| O|  |TAMS 0x0000000081c00000, 0x0000000081b00000| Untracked 
|  28|0x0000000081c00000, 0x0000000081d00000, 0x0000000081d00000|100%| O|  |TAMS 0x0000000081d00000, 0x0000000081c00000| Untracked 
|  29|0x0000000081d00000, 0x0000000081e00000, 0x0000000081e00000|100%| O|  |TAMS 0x0000000081e00000, 0x0000000081d00000| Untracked 
|  30|0x0000000081e00000, 0x0000000081f00000, 0x0000000081f00000|100%| O|  |TAMS 0x0000000081f00000, 0x0000000081e00000| Untracked 
|  31|0x0000000081f00000, 0x0000000082000000, 0x0000000082000000|100%| O|  |TAMS 0x0000000082000000, 0x0000000081f00000| Untracked 
|  32|0x0000000082000000, 0x0000000082100000, 0x0000000082100000|100%| O|  |TAMS 0x0000000082100000, 0x0000000082000000| Untracked 
|  33|0x0000000082100000, 0x0000000082200000, 0x0000000082200000|100%| O|  |TAMS 0x0000000082200000, 0x0000000082100000| Untracked 
|  34|0x0000000082200000, 0x0000000082300000, 0x0000000082300000|100%| O|  |TAMS 0x0000000082300000, 0x0000000082200000| Untracked 
|  35|0x0000000082300000, 0x0000000082400000, 0x0000000082400000|100%| O|  |TAMS 0x0000000082400000, 0x0000000082300000| Untracked 
|  36|0x0000000082400000, 0x0000000082500000, 0x0000000082500000|100%| O|  |TAMS 0x0000000082500000, 0x0000000082400000| Untracked 
|  37|0x0000000082500000, 0x0000000082600000, 0x0000000082600000|100%| O|  |TAMS 0x0000000082600000, 0x0000000082500000| Untracked 
|  38|0x0000000082600000, 0x0000000082700000, 0x0000000082700000|100%| O|  |TAMS 0x0000000082700000, 0x0000000082600000| Untracked 
|  39|0x0000000082700000, 0x0000000082800000, 0x0000000082800000|100%| O|  |TAMS 0x0000000082800000, 0x0000000082700000| Untracked 
|  40|0x0000000082800000, 0x0000000082900000, 0x0000000082900000|100%| O|  |TAMS 0x0000000082900000, 0x0000000082800000| Untracked 
|  41|0x0000000082900000, 0x0000000082a00000, 0x0000000082a00000|100%| O|  |TAMS 0x0000000082a00000, 0x0000000082900000| Untracked 
|  42|0x0000000082a00000, 0x0000000082b00000, 0x0000000082b00000|100%| O|  |TAMS 0x0000000082b00000, 0x0000000082a00000| Untracked 
|  43|0x0000000082b00000, 0x0000000082c00000, 0x0000000082c00000|100%| O|  |TAMS 0x0000000082c00000, 0x0000000082b00000| Untracked 
|  44|0x0000000082c00000, 0x0000000082d00000, 0x0000000082d00000|100%| O|  |TAMS 0x0000000082c00000, 0x0000000082c00000| Untracked 
|  45|0x0000000082d00000, 0x0000000082e00000, 0x0000000082e00000|100%| O|  |TAMS 0x0000000082d00000, 0x0000000082d00000| Untracked 
|  46|0x0000000082e00000, 0x0000000082f00000, 0x0000000082f00000|100%|HS|  |TAMS 0x0000000082e00000, 0x0000000082e00000| Complete 
|  47|0x0000000082f00000, 0x0000000083000000, 0x0000000083000000|100%|HS|  |TAMS 0x0000000082f00000, 0x0000000082f00000| Complete 
|  48|0x0000000083000000, 0x0000000083100000, 0x0000000083100000|100%| O|  |TAMS 0x0000000083000000, 0x0000000083000000| Untracked 
|  49|0x0000000083100000, 0x0000000083200000, 0x0000000083200000|100%| O|  |TAMS 0x000000008316ea00, 0x0000000083100000| Untracked 
|  50|0x0000000083200000, 0x0000000083300000, 0x0000000083300000|100%| O|  |TAMS 0x0000000083200000, 0x0000000083200000| Untracked 
|  51|0x0000000083300000, 0x0000000083400000, 0x0000000083400000|100%|HS|  |TAMS 0x0000000083300000, 0x0000000083300000| Complete 
|  52|0x0000000083400000, 0x0000000083500000, 0x0000000083500000|100%|HC|  |TAMS 0x0000000083400000, 0x0000000083400000| Complete 
|  53|0x0000000083500000, 0x0000000083600000, 0x0000000083600000|100%|HS|  |TAMS 0x0000000083500000, 0x0000000083500000| Complete 
|  54|0x0000000083600000, 0x0000000083700000, 0x0000000083700000|100%|HC|  |TAMS 0x0000000083600000, 0x0000000083600000| Complete 
|  55|0x0000000083700000, 0x0000000083800000, 0x0000000083800000|100%| O|  |TAMS 0x0000000083700000, 0x0000000083700000| Untracked 
|  56|0x0000000083800000, 0x0000000083900000, 0x0000000083900000|100%|HS|  |TAMS 0x0000000083800000, 0x0000000083800000| Complete 
|  57|0x0000000083900000, 0x0000000083a00000, 0x0000000083a00000|100%|HC|  |TAMS 0x0000000083900000, 0x0000000083900000| Complete 
|  58|0x0000000083a00000, 0x0000000083b00000, 0x0000000083b00000|100%|HC|  |TAMS 0x0000000083a00000, 0x0000000083a00000| Complete 
|  59|0x0000000083b00000, 0x0000000083c00000, 0x0000000083c00000|100%|HS|  |TAMS 0x0000000083b00000, 0x0000000083b00000| Complete 
|  60|0x0000000083c00000, 0x0000000083d00000, 0x0000000083d00000|100%|HS|  |TAMS 0x0000000083c00000, 0x0000000083c00000| Complete 
|  61|0x0000000083d00000, 0x0000000083e00000, 0x0000000083e00000|100%| O|  |TAMS 0x0000000083d00000, 0x0000000083d00000| Untracked 
|  62|0x0000000083e00000, 0x0000000083f00000, 0x0000000083f00000|100%| O|  |TAMS 0x0000000083e00000, 0x0000000083e00000| Untracked 
|  63|0x0000000083f00000, 0x0000000084000000, 0x0000000084000000|100%| O|  |TAMS 0x0000000083f00000, 0x0000000083f00000| Untracked 
|  64|0x0000000084000000, 0x0000000084100000, 0x0000000084100000|100%| O|  |TAMS 0x0000000084000000, 0x0000000084000000| Untracked 
|  65|0x0000000084100000, 0x0000000084200000, 0x0000000084200000|100%|HS|  |TAMS 0x0000000084100000, 0x0000000084100000| Complete 
|  66|0x0000000084200000, 0x0000000084300000, 0x0000000084300000|100%|HS|  |TAMS 0x0000000084200000, 0x0000000084200000| Complete 
|  67|0x0000000084300000, 0x0000000084400000, 0x0000000084400000|100%| O|  |TAMS 0x0000000084300000, 0x0000000084300000| Untracked 
|  68|0x0000000084400000, 0x0000000084500000, 0x0000000084500000|100%|HS|  |TAMS 0x0000000084400000, 0x0000000084400000| Complete 
|  69|0x0000000084500000, 0x0000000084600000, 0x0000000084600000|100%| O|  |TAMS 0x0000000084500000, 0x0000000084500000| Untracked 
|  70|0x0000000084600000, 0x0000000084700000, 0x0000000084700000|100%| O|  |TAMS 0x0000000084600000, 0x0000000084600000| Untracked 
|  71|0x0000000084700000, 0x0000000084800000, 0x0000000084800000|100%| O|  |TAMS 0x0000000084700000, 0x0000000084700000| Untracked 
|  72|0x0000000084800000, 0x0000000084900000, 0x0000000084900000|100%| O|  |TAMS 0x0000000084800000, 0x0000000084800000| Untracked 
|  73|0x0000000084900000, 0x0000000084a00000, 0x0000000084a00000|100%| O|  |TAMS 0x0000000084900000, 0x0000000084900000| Untracked 
|  74|0x0000000084a00000, 0x0000000084b00000, 0x0000000084b00000|100%| O|  |TAMS 0x0000000084a00000, 0x0000000084a00000| Untracked 
|  75|0x0000000084b00000, 0x0000000084c00000, 0x0000000084c00000|100%| O|  |TAMS 0x0000000084b00000, 0x0000000084b00000| Untracked 
|  76|0x0000000084c00000, 0x0000000084d00000, 0x0000000084d00000|100%| O|  |TAMS 0x0000000084c00000, 0x0000000084c00000| Untracked 
|  77|0x0000000084d00000, 0x0000000084e00000, 0x0000000084e00000|100%| O|  |TAMS 0x0000000084d00000, 0x0000000084d00000| Untracked 
|  78|0x0000000084e00000, 0x0000000084f00000, 0x0000000084f00000|100%| O|  |TAMS 0x0000000084e00000, 0x0000000084e00000| Untracked 
|  79|0x0000000084f00000, 0x0000000085000000, 0x0000000085000000|100%| O|  |TAMS 0x0000000084f00000, 0x0000000084f00000| Untracked 
|  80|0x0000000085000000, 0x0000000085100000, 0x0000000085100000|100%| O|  |TAMS 0x0000000085000000, 0x0000000085000000| Untracked 
|  81|0x0000000085100000, 0x0000000085200000, 0x0000000085200000|100%|HS|  |TAMS 0x0000000085100000, 0x0000000085100000| Complete 
|  82|0x0000000085200000, 0x0000000085300000, 0x0000000085300000|100%|HC|  |TAMS 0x0000000085200000, 0x0000000085200000| Complete 
|  83|0x0000000085300000, 0x0000000085400000, 0x0000000085400000|100%|HC|  |TAMS 0x0000000085300000, 0x0000000085300000| Complete 
|  84|0x0000000085400000, 0x0000000085500000, 0x0000000085500000|100%| O|  |TAMS 0x0000000085400000, 0x0000000085400000| Untracked 
|  85|0x0000000085500000, 0x0000000085600000, 0x0000000085600000|100%| O|  |TAMS 0x0000000085500000, 0x0000000085500000| Untracked 
|  86|0x0000000085600000, 0x0000000085700000, 0x0000000085700000|100%| O|  |TAMS 0x0000000085600000, 0x0000000085600000| Untracked 
|  87|0x0000000085700000, 0x0000000085800000, 0x0000000085800000|100%| O|  |TAMS 0x0000000085700000, 0x0000000085700000| Untracked 
|  88|0x0000000085800000, 0x0000000085900000, 0x0000000085900000|100%| O|  |TAMS 0x0000000085800000, 0x0000000085800000| Untracked 
|  89|0x0000000085900000, 0x0000000085a00000, 0x0000000085a00000|100%| O|  |TAMS 0x0000000085900000, 0x0000000085900000| Untracked 
|  90|0x0000000085a00000, 0x0000000085b00000, 0x0000000085b00000|100%| O|  |TAMS 0x0000000085a00000, 0x0000000085a00000| Untracked 
|  91|0x0000000085b00000, 0x0000000085c00000, 0x0000000085c00000|100%| O|  |TAMS 0x0000000085b00000, 0x0000000085b00000| Untracked 
|  92|0x0000000085c00000, 0x0000000085c99800, 0x0000000085d00000| 59%| O|  |TAMS 0x0000000085c00000, 0x0000000085c00000| Untracked 
|  93|0x0000000085d00000, 0x0000000085e00000, 0x0000000085e00000|100%|HS|  |TAMS 0x0000000085d00000, 0x0000000085d00000| Complete 
|  94|0x0000000085e00000, 0x0000000085e00000, 0x0000000085f00000|  0%| F|  |TAMS 0x0000000085e00000, 0x0000000085e00000| Untracked 
|  95|0x0000000085f00000, 0x0000000085f00000, 0x0000000086000000|  0%| F|  |TAMS 0x0000000085f00000, 0x0000000085f00000| Untracked 
|  96|0x0000000086000000, 0x0000000086000000, 0x0000000086100000|  0%| F|  |TAMS 0x0000000086000000, 0x0000000086000000| Untracked 
|  97|0x0000000086100000, 0x0000000086100000, 0x0000000086200000|  0%| F|  |TAMS 0x0000000086100000, 0x0000000086100000| Untracked 
|  98|0x0000000086200000, 0x0000000086200000, 0x0000000086300000|  0%| F|  |TAMS 0x0000000086200000, 0x0000000086200000| Untracked 
|  99|0x0000000086300000, 0x0000000086300000, 0x0000000086400000|  0%| F|  |TAMS 0x0000000086300000, 0x0000000086300000| Untracked 
| 100|0x0000000086400000, 0x0000000086400000, 0x0000000086500000|  0%| F|  |TAMS 0x0000000086400000, 0x0000000086400000| Untracked 
| 101|0x0000000086500000, 0x0000000086500000, 0x0000000086600000|  0%| F|  |TAMS 0x0000000086500000, 0x0000000086500000| Untracked 
| 102|0x0000000086600000, 0x0000000086600000, 0x0000000086700000|  0%| F|  |TAMS 0x0000000086600000, 0x0000000086600000| Untracked 
| 103|0x0000000086700000, 0x0000000086700000, 0x0000000086800000|  0%| F|  |TAMS 0x0000000086700000, 0x0000000086700000| Untracked 
| 104|0x0000000086800000, 0x0000000086800000, 0x0000000086900000|  0%| F|  |TAMS 0x0000000086800000, 0x0000000086800000| Untracked 
| 105|0x0000000086900000, 0x0000000086900000, 0x0000000086a00000|  0%| F|  |TAMS 0x0000000086900000, 0x0000000086900000| Untracked 
| 106|0x0000000086a00000, 0x0000000086a00000, 0x0000000086b00000|  0%| F|  |TAMS 0x0000000086a00000, 0x0000000086a00000| Untracked 
| 107|0x0000000086b00000, 0x0000000086b00000, 0x0000000086c00000|  0%| F|  |TAMS 0x0000000086b00000, 0x0000000086b00000| Untracked 
| 108|0x0000000086c00000, 0x0000000086c00000, 0x0000000086d00000|  0%| F|  |TAMS 0x0000000086c00000, 0x0000000086c00000| Untracked 
| 109|0x0000000086d00000, 0x0000000086d00000, 0x0000000086e00000|  0%| F|  |TAMS 0x0000000086d00000, 0x0000000086d00000| Untracked 
| 110|0x0000000086e00000, 0x0000000086e00000, 0x0000000086f00000|  0%| F|  |TAMS 0x0000000086e00000, 0x0000000086e00000| Untracked 
| 111|0x0000000086f00000, 0x0000000086f00000, 0x0000000087000000|  0%| F|  |TAMS 0x0000000086f00000, 0x0000000086f00000| Untracked 
| 112|0x0000000087000000, 0x0000000087000000, 0x0000000087100000|  0%| F|  |TAMS 0x0000000087000000, 0x0000000087000000| Untracked 
| 113|0x0000000087100000, 0x0000000087100000, 0x0000000087200000|  0%| F|  |TAMS 0x0000000087100000, 0x0000000087100000| Untracked 
| 114|0x0000000087200000, 0x0000000087200000, 0x0000000087300000|  0%| F|  |TAMS 0x0000000087200000, 0x0000000087200000| Untracked 
| 115|0x0000000087300000, 0x0000000087300000, 0x0000000087400000|  0%| F|  |TAMS 0x0000000087300000, 0x0000000087300000| Untracked 
| 116|0x0000000087400000, 0x0000000087400000, 0x0000000087500000|  0%| F|  |TAMS 0x0000000087400000, 0x0000000087400000| Untracked 
| 117|0x0000000087500000, 0x0000000087500000, 0x0000000087600000|  0%| F|  |TAMS 0x0000000087500000, 0x0000000087500000| Untracked 
| 118|0x0000000087600000, 0x0000000087600000, 0x0000000087700000|  0%| F|  |TAMS 0x0000000087600000, 0x0000000087600000| Untracked 
| 119|0x0000000087700000, 0x0000000087700000, 0x0000000087800000|  0%| F|  |TAMS 0x0000000087700000, 0x0000000087700000| Untracked 
| 120|0x0000000087800000, 0x00000000878f3110, 0x0000000087900000| 94%| S|CS|TAMS 0x0000000087800000, 0x0000000087800000| Complete 
| 121|0x0000000087900000, 0x0000000087a00000, 0x0000000087a00000|100%| S|CS|TAMS 0x0000000087900000, 0x0000000087900000| Complete 
| 122|0x0000000087a00000, 0x0000000087b00000, 0x0000000087b00000|100%| S|CS|TAMS 0x0000000087a00000, 0x0000000087a00000| Complete 
| 123|0x0000000087b00000, 0x0000000087b00000, 0x0000000087c00000|  0%| F|  |TAMS 0x0000000087b00000, 0x0000000087b00000| Untracked 
| 124|0x0000000087c00000, 0x0000000087c00000, 0x0000000087d00000|  0%| F|  |TAMS 0x0000000087c00000, 0x0000000087c00000| Untracked 
| 125|0x0000000087d00000, 0x0000000087d00000, 0x0000000087e00000|  0%| F|  |TAMS 0x0000000087d00000, 0x0000000087d00000| Untracked 
| 126|0x0000000087e00000, 0x0000000087e00000, 0x0000000087f00000|  0%| F|  |TAMS 0x0000000087e00000, 0x0000000087e00000| Untracked 
| 127|0x0000000087f00000, 0x0000000087f00000, 0x0000000088000000|  0%| F|  |TAMS 0x0000000087f00000, 0x0000000087f00000| Untracked 
| 128|0x0000000088000000, 0x0000000088000000, 0x0000000088100000|  0%| F|  |TAMS 0x0000000088000000, 0x0000000088000000| Untracked 
| 129|0x0000000088100000, 0x0000000088100000, 0x0000000088200000|  0%| F|  |TAMS 0x0000000088100000, 0x0000000088100000| Untracked 
| 130|0x0000000088200000, 0x0000000088200000, 0x0000000088300000|  0%| F|  |TAMS 0x0000000088200000, 0x0000000088200000| Untracked 
| 131|0x0000000088300000, 0x0000000088300000, 0x0000000088400000|  0%| F|  |TAMS 0x0000000088300000, 0x0000000088300000| Untracked 
| 132|0x0000000088400000, 0x0000000088400000, 0x0000000088500000|  0%| F|  |TAMS 0x0000000088400000, 0x0000000088400000| Untracked 
| 133|0x0000000088500000, 0x0000000088500000, 0x0000000088600000|  0%| F|  |TAMS 0x0000000088500000, 0x0000000088500000| Untracked 
| 134|0x0000000088600000, 0x0000000088600000, 0x0000000088700000|  0%| F|  |TAMS 0x0000000088600000, 0x0000000088600000| Untracked 
| 135|0x0000000088700000, 0x0000000088700000, 0x0000000088800000|  0%| F|  |TAMS 0x0000000088700000, 0x0000000088700000| Untracked 
| 136|0x0000000088800000, 0x0000000088800000, 0x0000000088900000|  0%| F|  |TAMS 0x0000000088800000, 0x0000000088800000| Untracked 
| 137|0x0000000088900000, 0x0000000088900000, 0x0000000088a00000|  0%| F|  |TAMS 0x0000000088900000, 0x0000000088900000| Untracked 
| 138|0x0000000088a00000, 0x0000000088a00000, 0x0000000088b00000|  0%| F|  |TAMS 0x0000000088a00000, 0x0000000088a00000| Untracked 
| 139|0x0000000088b00000, 0x0000000088b00000, 0x0000000088c00000|  0%| F|  |TAMS 0x0000000088b00000, 0x0000000088b00000| Untracked 
| 140|0x0000000088c00000, 0x0000000088c00000, 0x0000000088d00000|  0%| F|  |TAMS 0x0000000088c00000, 0x0000000088c00000| Untracked 
| 141|0x0000000088d00000, 0x0000000088d00000, 0x0000000088e00000|  0%| F|  |TAMS 0x0000000088d00000, 0x0000000088d00000| Untracked 
| 142|0x0000000088e00000, 0x0000000088e00000, 0x0000000088f00000|  0%| F|  |TAMS 0x0000000088e00000, 0x0000000088e00000| Untracked 
| 143|0x0000000088f00000, 0x0000000088f00000, 0x0000000089000000|  0%| F|  |TAMS 0x0000000088f00000, 0x0000000088f00000| Untracked 
| 144|0x0000000089000000, 0x0000000089000000, 0x0000000089100000|  0%| F|  |TAMS 0x0000000089000000, 0x0000000089000000| Untracked 
| 145|0x0000000089100000, 0x0000000089100000, 0x0000000089200000|  0%| F|  |TAMS 0x0000000089100000, 0x0000000089100000| Untracked 
| 146|0x0000000089200000, 0x0000000089200000, 0x0000000089300000|  0%| F|  |TAMS 0x0000000089200000, 0x0000000089200000| Untracked 
| 147|0x0000000089300000, 0x0000000089300000, 0x0000000089400000|  0%| F|  |TAMS 0x0000000089300000, 0x0000000089300000| Untracked 
| 148|0x0000000089400000, 0x0000000089400000, 0x0000000089500000|  0%| F|  |TAMS 0x0000000089400000, 0x0000000089400000| Untracked 
| 149|0x0000000089500000, 0x0000000089600000, 0x0000000089600000|100%| E|  |TAMS 0x0000000089500000, 0x0000000089500000| Complete 
| 150|0x0000000089600000, 0x0000000089700000, 0x0000000089700000|100%| E|CS|TAMS 0x0000000089600000, 0x0000000089600000| Complete 
| 151|0x0000000089700000, 0x0000000089800000, 0x0000000089800000|100%| E|CS|TAMS 0x0000000089700000, 0x0000000089700000| Complete 
| 152|0x0000000089800000, 0x0000000089900000, 0x0000000089900000|100%| E|CS|TAMS 0x0000000089800000, 0x0000000089800000| Complete 
| 153|0x0000000089900000, 0x0000000089a00000, 0x0000000089a00000|100%| E|CS|TAMS 0x0000000089900000, 0x0000000089900000| Complete 
| 154|0x0000000089a00000, 0x0000000089b00000, 0x0000000089b00000|100%| E|CS|TAMS 0x0000000089a00000, 0x0000000089a00000| Complete 
| 155|0x0000000089b00000, 0x0000000089c00000, 0x0000000089c00000|100%| E|CS|TAMS 0x0000000089b00000, 0x0000000089b00000| Complete 
| 156|0x0000000089c00000, 0x0000000089d00000, 0x0000000089d00000|100%| E|CS|TAMS 0x0000000089c00000, 0x0000000089c00000| Complete 
| 157|0x0000000089d00000, 0x0000000089e00000, 0x0000000089e00000|100%| E|CS|TAMS 0x0000000089d00000, 0x0000000089d00000| Complete 
| 158|0x0000000089e00000, 0x0000000089f00000, 0x0000000089f00000|100%| E|CS|TAMS 0x0000000089e00000, 0x0000000089e00000| Complete 
| 159|0x0000000089f00000, 0x000000008a000000, 0x000000008a000000|100%| E|CS|TAMS 0x0000000089f00000, 0x0000000089f00000| Complete 
| 160|0x000000008a000000, 0x000000008a100000, 0x000000008a100000|100%| E|CS|TAMS 0x000000008a000000, 0x000000008a000000| Complete 
| 161|0x000000008a100000, 0x000000008a200000, 0x000000008a200000|100%| E|CS|TAMS 0x000000008a100000, 0x000000008a100000| Complete 
| 162|0x000000008a200000, 0x000000008a300000, 0x000000008a300000|100%| E|  |TAMS 0x000000008a200000, 0x000000008a200000| Complete 
| 163|0x000000008a300000, 0x000000008a400000, 0x000000008a400000|100%| E|CS|TAMS 0x000000008a300000, 0x000000008a300000| Complete 
| 164|0x000000008a400000, 0x000000008a500000, 0x000000008a500000|100%| E|CS|TAMS 0x000000008a400000, 0x000000008a400000| Complete 
| 165|0x000000008a500000, 0x000000008a600000, 0x000000008a600000|100%| E|CS|TAMS 0x000000008a500000, 0x000000008a500000| Complete 
| 166|0x000000008a600000, 0x000000008a700000, 0x000000008a700000|100%| E|CS|TAMS 0x000000008a600000, 0x000000008a600000| Complete 
| 245|0x000000008f500000, 0x000000008f600000, 0x000000008f600000|100%| E|CS|TAMS 0x000000008f500000, 0x000000008f500000| Complete 

Card table byte_map: [0x000001fce5a70000,0x000001fce5e70000] _byte_map_base: 0x000001fce5670000

Marking Bits (Prev, Next): (CMBitMap*) 0x000001fcce908780, (CMBitMap*) 0x000001fcce9087c0
 Prev Bits: [0x000001fce6270000, 0x000001fce8270000)
 Next Bits: [0x000001fce8270000, 0x000001fcea270000)

Polling page: 0x000001fccc7b0000

Metaspace:

Usage:
  Non-class:     64.59 MB used.
      Class:     10.32 MB used.
       Both:     74.92 MB used.

Virtual space:
  Non-class space:       72.00 MB reserved,      65.00 MB ( 90%) committed,  9 nodes.
      Class space:        1.00 GB reserved,      10.69 MB (  1%) committed,  1 nodes.
             Both:        1.07 GB reserved,      75.69 MB (  7%) committed. 

Chunk freelists:
   Non-Class:  2.80 MB
       Class:  1.22 MB
        Both:  4.02 MB

MaxMetaspaceSize: unlimited
CompressedClassSpaceSize: 1.00 GB
Initial GC threshold: 21.00 MB
Current GC threshold: 84.94 MB
CDS: on
MetaspaceReclaimPolicy: balanced
 - commit_granule_bytes: 65536.
 - commit_granule_words: 8192.
 - virtual_space_node_default_size: 1048576.
 - enlarge_chunks_in_place: 1.
 - new_chunks_are_fully_committed: 0.
 - uncommit_free_chunks: 1.
 - use_allocation_guard: 0.
 - handle_deallocations: 1.


Internal statistics:

num_allocs_failed_limit: 6.
num_arena_births: 974.
num_arena_deaths: 0.
num_vsnodes_births: 10.
num_vsnodes_deaths: 0.
num_space_committed: 1211.
num_space_uncommitted: 0.
num_chunks_returned_to_freelist: 6.
num_chunks_taken_from_freelist: 4145.
num_chunk_merges: 6.
num_chunk_splits: 2746.
num_chunks_enlarged: 1850.
num_purges: 0.
num_inconsistent_stats: 0.

CodeHeap 'non-profiled nmethods': size=120000Kb used=5064Kb max_used=5454Kb free=114935Kb
 bounds [0x000001fcddbf0000, 0x000001fcde150000, 0x000001fce5120000]
CodeHeap 'profiled nmethods': size=120000Kb used=15857Kb max_used=16186Kb free=104142Kb
 bounds [0x000001fcd6120000, 0x000001fcd7100000, 0x000001fcdd650000]
CodeHeap 'non-nmethods': size=5760Kb used=1693Kb max_used=1741Kb free=4066Kb
 bounds [0x000001fcdd650000, 0x000001fcdd8c0000, 0x000001fcddbf0000]
 total_blobs=9286 nmethods=8509 adapters=689
 compilation: enabled
              stopped_count=0, restarted_count=0
 full_count=0

Compilation events (20 events):
Event: 34.141 Thread 0x000001fcecf0e8f0 9996       3       org.slf4j.LoggerFactory::getLogger (12 bytes)
Event: 34.141 Thread 0x000001fcecf0e8f0 nmethod 9996 0x000001fcd68f5b90 code [0x000001fcd68f5d40, 0x000001fcd68f5f38]
Event: 34.141 Thread 0x000001fcecf0e8f0 9997       3       org.gradle.internal.logging.slf4j.OutputEventListenerBackedLoggerContext::getLogger (69 bytes)
Event: 34.142 Thread 0x000001fcecf0e8f0 nmethod 9997 0x000001fcd6c32910 code [0x000001fcd6c32b40, 0x000001fcd6c33568]
Event: 34.315 Thread 0x000001fcecf0e8f0 9998       1       org.gradle.api.internal.DefaultNamedDomainObjectCollection::getInstantiator (5 bytes)
Event: 34.315 Thread 0x000001fcecf0e8f0 nmethod 9998 0x000001fcddea9390 code [0x000001fcddea9520, 0x000001fcddea95f8]
Event: 34.315 Thread 0x000001fcecf0e8f0 9999       3       org.gradle.api.internal.DefaultMutationGuard::newActionWithMutation (11 bytes)
Event: 34.315 Thread 0x000001fcecf0e8f0 nmethod 9999 0x000001fcd68f5590 code [0x000001fcd68f5740, 0x000001fcd68f5a38]
Event: 34.315 Thread 0x000001fcecf0e8f0 10000       3       org.gradle.api.internal.DefaultMutationGuard$1::<init> (20 bytes)
Event: 34.316 Thread 0x000001fcecf0e8f0 nmethod 10000 0x000001fcd6c32290 code [0x000001fcd6c32440, 0x000001fcd6c32678]
Event: 34.328 Thread 0x000001fcecf0e8f0 10001       3       com.google.common.collect.ImmutableSet$Builder::addAll (8 bytes)
Event: 34.328 Thread 0x000001fcecf0e8f0 nmethod 10001 0x000001fcd671be90 code [0x000001fcd671c080, 0x000001fcd671c5b8]
Event: 34.334 Thread 0x000001fcecf0e8f0 10002       3       org.gradle.util.Path::computeHashCode (58 bytes)
Event: 34.334 Thread 0x000001fcecf0e8f0 nmethod 10002 0x000001fcd671b910 code [0x000001fcd671bac0, 0x000001fcd671bd48]
Event: 34.350 Thread 0x000001fcf4af5690 nmethod 9989 0x000001fcde033510 code [0x000001fcde033860, 0x000001fcde036c60]
Event: 34.350 Thread 0x000001fcf4af5690 9980       4       java.util.regex.Pattern::sequence (647 bytes)
Event: 34.376 Thread 0x000001fcf4af5690 nmethod 9980 0x000001fcddea7810 code [0x000001fcddea7a80, 0x000001fcddea8b50]
Event: 34.376 Thread 0x000001fcf4af5690 9993       4       java.util.regex.Pattern$BmpCharPredicate$$Lambda$22/0x80000002b::is (15 bytes)
Event: 34.380 Thread 0x000001fcf4af5690 nmethod 9993 0x000001fcde032c10 code [0x000001fcde032de0, 0x000001fcde033208]
Event: 34.380 Thread 0x000001fcf4af5690 9981       4       java.util.regex.Pattern::escape (1327 bytes)

GC Heap History (20 events):
Event: 20.775 GC heap before
{Heap before GC invocations=27 (full 0):
 garbage-first heap   total 87040K, used 67759K [0x0000000080000000, 0x0000000100000000)
  region size 1024K, 20 young (20480K), 1 survivors (1024K)
 Metaspace       used 51778K, committed 52288K, reserved 1097728K
  class space    used 7261K, committed 7488K, reserved 1048576K
}
Event: 20.778 GC heap after
{Heap after GC invocations=28 (full 0):
 garbage-first heap   total 87040K, used 51548K [0x0000000080000000, 0x0000000100000000)
  region size 1024K, 3 young (3072K), 3 survivors (3072K)
 Metaspace       used 51778K, committed 52288K, reserved 1097728K
  class space    used 7261K, committed 7488K, reserved 1048576K
}
Event: 21.197 GC heap before
{Heap before GC invocations=29 (full 0):
 garbage-first heap   total 89088K, used 67932K [0x0000000080000000, 0x0000000100000000)
  region size 1024K, 20 young (20480K), 3 survivors (3072K)
 Metaspace       used 51783K, committed 52288K, reserved 1097728K
  class space    used 7261K, committed 7488K, reserved 1048576K
}
Event: 21.199 GC heap after
{Heap after GC invocations=30 (full 0):
 garbage-first heap   total 89088K, used 52005K [0x0000000080000000, 0x0000000100000000)
  region size 1024K, 3 young (3072K), 3 survivors (3072K)
 Metaspace       used 51783K, committed 52288K, reserved 1097728K
  class space    used 7261K, committed 7488K, reserved 1048576K
}
Event: 21.216 GC heap before
{Heap before GC invocations=30 (full 0):
 garbage-first heap   total 89088K, used 53029K [0x0000000080000000, 0x0000000100000000)
  region size 1024K, 4 young (4096K), 3 survivors (3072K)
 Metaspace       used 51783K, committed 52288K, reserved 1097728K
  class space    used 7261K, committed 7488K, reserved 1048576K
}
Event: 21.219 GC heap after
{Heap after GC invocations=31 (full 0):
 garbage-first heap   total 89088K, used 49557K [0x0000000080000000, 0x0000000100000000)
  region size 1024K, 1 young (1024K), 1 survivors (1024K)
 Metaspace       used 51783K, committed 52288K, reserved 1097728K
  class space    used 7261K, committed 7488K, reserved 1048576K
}
Event: 21.748 GC heap before
{Heap before GC invocations=31 (full 0):
 garbage-first heap   total 89088K, used 76181K [0x0000000080000000, 0x0000000100000000)
  region size 1024K, 22 young (22528K), 1 survivors (1024K)
 Metaspace       used 52006K, committed 52544K, reserved 1097728K
  class space    used 7288K, committed 7552K, reserved 1048576K
}
Event: 21.751 GC heap after
{Heap after GC invocations=32 (full 0):
 garbage-first heap   total 172032K, used 60259K [0x0000000080000000, 0x0000000100000000)
  region size 1024K, 3 young (3072K), 3 survivors (3072K)
 Metaspace       used 52006K, committed 52544K, reserved 1097728K
  class space    used 7288K, committed 7552K, reserved 1048576K
}
Event: 24.862 GC heap before
{Heap before GC invocations=32 (full 0):
 garbage-first heap   total 172032K, used 145251K [0x0000000080000000, 0x0000000100000000)
  region size 1024K, 79 young (80896K), 3 survivors (3072K)
 Metaspace       used 57444K, committed 58112K, reserved 1105920K
  class space    used 7941K, committed 8256K, reserved 1048576K
}
Event: 24.868 GC heap after
{Heap after GC invocations=33 (full 0):
 garbage-first heap   total 172032K, used 75684K [0x0000000080000000, 0x0000000100000000)
  region size 1024K, 10 young (10240K), 10 survivors (10240K)
 Metaspace       used 57444K, committed 58112K, reserved 1105920K
  class space    used 7941K, committed 8256K, reserved 1048576K
}
Event: 27.509 GC heap before
{Heap before GC invocations=33 (full 0):
 garbage-first heap   total 172032K, used 144292K [0x0000000080000000, 0x0000000100000000)
  region size 1024K, 72 young (73728K), 10 survivors (10240K)
 Metaspace       used 62577K, committed 63232K, reserved 1105920K
  class space    used 8644K, committed 8960K, reserved 1048576K
}
Event: 27.516 GC heap after
{Heap after GC invocations=34 (full 0):
 garbage-first heap   total 172032K, used 82777K [0x0000000080000000, 0x0000000100000000)
  region size 1024K, 6 young (6144K), 6 survivors (6144K)
 Metaspace       used 62577K, committed 63232K, reserved 1105920K
  class space    used 8644K, committed 8960K, reserved 1048576K
}
Event: 29.562 GC heap before
{Heap before GC invocations=34 (full 0):
 garbage-first heap   total 172032K, used 138073K [0x0000000080000000, 0x0000000100000000)
  region size 1024K, 60 young (61440K), 6 survivors (6144K)
 Metaspace       used 67429K, committed 68160K, reserved 1114112K
  class space    used 9264K, committed 9600K, reserved 1048576K
}
Event: 29.567 GC heap after
{Heap after GC invocations=35 (full 0):
 garbage-first heap   total 172032K, used 85765K [0x0000000080000000, 0x0000000100000000)
  region size 1024K, 4 young (4096K), 4 survivors (4096K)
 Metaspace       used 67429K, committed 68160K, reserved 1114112K
  class space    used 9264K, committed 9600K, reserved 1048576K
}
Event: 31.149 GC heap before
{Heap before GC invocations=35 (full 0):
 garbage-first heap   total 172032K, used 143109K [0x0000000080000000, 0x0000000100000000)
  region size 1024K, 57 young (58368K), 4 survivors (4096K)
 Metaspace       used 71169K, committed 71872K, reserved 1114112K
  class space    used 9811K, committed 10176K, reserved 1048576K
}
Event: 31.153 GC heap after
{Heap after GC invocations=36 (full 0):
 garbage-first heap   total 172032K, used 90916K [0x0000000080000000, 0x0000000100000000)
  region size 1024K, 6 young (6144K), 6 survivors (6144K)
 Metaspace       used 71169K, committed 71872K, reserved 1114112K
  class space    used 9811K, committed 10176K, reserved 1048576K
}
Event: 31.964 GC heap before
{Heap before GC invocations=36 (full 0):
 garbage-first heap   total 172032K, used 142116K [0x0000000080000000, 0x0000000100000000)
  region size 1024K, 56 young (57344K), 6 survivors (6144K)
 Metaspace       used 72366K, committed 73088K, reserved 1114112K
  class space    used 9981K, committed 10304K, reserved 1048576K
}
Event: 31.969 GC heap after
{Heap after GC invocations=37 (full 0):
 garbage-first heap   total 172032K, used 95547K [0x0000000080000000, 0x0000000100000000)
  region size 1024K, 7 young (7168K), 7 survivors (7168K)
 Metaspace       used 72366K, committed 73088K, reserved 1114112K
  class space    used 9981K, committed 10304K, reserved 1048576K
}
Event: 33.575 GC heap before
{Heap before GC invocations=37 (full 0):
 garbage-first heap   total 172032K, used 141627K [0x0000000080000000, 0x0000000100000000)
  region size 1024K, 52 young (53248K), 7 survivors (7168K)
 Metaspace       used 75359K, committed 76096K, reserved 1122304K
  class space    used 10386K, committed 10752K, reserved 1048576K
}
Event: 33.580 GC heap after
{Heap after GC invocations=38 (full 0):
 garbage-first heap   total 172032K, used 97842K [0x0000000080000000, 0x0000000100000000)
  region size 1024K, 3 young (3072K), 3 survivors (3072K)
 Metaspace       used 75359K, committed 76096K, reserved 1122304K
  class space    used 10386K, committed 10752K, reserved 1048576K
}

Deoptimization events (20 events):
Event: 33.978 Thread 0x000001fcefa89380 Uncommon trap: trap_request=0xffffff45 fr.pc=0x000001fcdde754e4 relative=0x00000000000002c4
Event: 33.978 Thread 0x000001fcefa89380 Uncommon trap: reason=unstable_if action=reinterpret pc=0x000001fcdde754e4 method=java.lang.String.indexOf([BBILjava/lang/String;I)I @ 21 c2
Event: 33.978 Thread 0x000001fcefa89380 DEOPT PACKING pc=0x000001fcdde754e4 sp=0x00000023a52f7a00
Event: 33.978 Thread 0x000001fcefa89380 DEOPT UNPACKING pc=0x000001fcdd6a23a3 sp=0x00000023a52f78f8 mode 2
Event: 34.050 Thread 0x000001fcefa89380 Uncommon trap: trap_request=0xffffff45 fr.pc=0x000001fcdde6c99c relative=0x000000000000055c
Event: 34.050 Thread 0x000001fcefa89380 Uncommon trap: reason=unstable_if action=reinterpret pc=0x000001fcdde6c99c method=java.lang.AbstractStringBuilder.appendChars(Ljava/lang/String;II)V @ 11 c2
Event: 34.050 Thread 0x000001fcefa89380 DEOPT PACKING pc=0x000001fcdde6c99c sp=0x00000023a52f7830
Event: 34.050 Thread 0x000001fcefa89380 DEOPT UNPACKING pc=0x000001fcdd6a23a3 sp=0x00000023a52f7770 mode 2
Event: 34.050 Thread 0x000001fcefa89380 Uncommon trap: trap_request=0xffffff45 fr.pc=0x000001fcdde6c06c relative=0x000000000000014c
Event: 34.050 Thread 0x000001fcefa89380 Uncommon trap: reason=unstable_if action=reinterpret pc=0x000001fcdde6c06c method=java.lang.AbstractStringBuilder.appendChars(Ljava/lang/String;II)V @ 11 c2
Event: 34.050 Thread 0x000001fcefa89380 DEOPT PACKING pc=0x000001fcdde6c06c sp=0x00000023a52f77b0
Event: 34.050 Thread 0x000001fcefa89380 DEOPT UNPACKING pc=0x000001fcdd6a23a3 sp=0x00000023a52f7760 mode 2
Event: 34.051 Thread 0x000001fcefa89380 Uncommon trap: trap_request=0xffffff45 fr.pc=0x000001fcddc3ab98 relative=0x00000000000004d8
Event: 34.051 Thread 0x000001fcefa89380 Uncommon trap: reason=unstable_if action=reinterpret pc=0x000001fcddc3ab98 method=java.lang.AbstractStringBuilder.putStringAt(ILjava/lang/String;II)V @ 8 c2
Event: 34.051 Thread 0x000001fcefa89380 DEOPT PACKING pc=0x000001fcddc3ab98 sp=0x00000023a52f7890
Event: 34.051 Thread 0x000001fcefa89380 DEOPT UNPACKING pc=0x000001fcdd6a23a3 sp=0x00000023a52f7770 mode 2
Event: 34.051 Thread 0x000001fcefa89380 Uncommon trap: trap_request=0xffffff45 fr.pc=0x000001fcddc3b3cc relative=0x000000000000012c
Event: 34.051 Thread 0x000001fcefa89380 Uncommon trap: reason=unstable_if action=reinterpret pc=0x000001fcddc3b3cc method=java.lang.AbstractStringBuilder.putStringAt(ILjava/lang/String;II)V @ 8 c2
Event: 34.051 Thread 0x000001fcefa89380 DEOPT PACKING pc=0x000001fcddc3b3cc sp=0x00000023a52f7810
Event: 34.051 Thread 0x000001fcefa89380 DEOPT UNPACKING pc=0x000001fcdd6a23a3 sp=0x00000023a52f7758 mode 2

Classes unloaded (0 events):
No events

Classes redefined (0 events):
No events

Internal exceptions (20 events):
Event: 29.371 Thread 0x000001fcefa89380 Exception <a 'java/lang/NoSuchMethodError'{0x000000008773eb58}: static Lorg/jetbrains/kotlin/gradle/plugin/internal/DefaultBasePluginConfigurationVariantFactory;.<clinit>()V> (0x000000008773eb58) 
thrown [s\open\src\hotspot\share\prims\jni.cpp, line 1107]
Event: 29.373 Thread 0x000001fcefa89380 Exception <a 'java/lang/NoSuchMethodError'{0x000000008775cc10}: static Lorg/jetbrains/kotlin/gradle/plugin/internal/DefaultAttributeConfigurationHelperVariantFactory;.<clinit>()V> (0x000000008775cc10) 
thrown [s\open\src\hotspot\share\prims\jni.cpp, line 1107]
Event: 29.468 Thread 0x000001fcefa89380 Exception <a 'java/lang/IncompatibleClassChangeError'{0x00000000874ce528}: Found class java.lang.Object, but interface was expected> (0x00000000874ce528) 
thrown [s\open\src\hotspot\share\interpreter\linkResolver.cpp, line 826]
Event: 31.139 Thread 0x000001fcefa89380 Exception <a 'java/lang/ClassNotFoundException'{0x000000008736b5f8}: groovy/lang/Closure$1BeanInfo> (0x000000008736b5f8) 
thrown [s\open\src\hotspot\share\classfile\systemDictionary.cpp, line 256]
Event: 31.142 Thread 0x000001fcefa89380 Exception <a 'java/lang/ClassNotFoundException'{0x000000008738eac8}: groovy/lang/ClosureBeanInfo> (0x000000008738eac8) 
thrown [s\open\src\hotspot\share\classfile\systemDictionary.cpp, line 256]
Event: 31.143 Thread 0x000001fcefa89380 Exception <a 'java/lang/ClassNotFoundException'{0x00000000873b1268}: groovy/lang/ClosureCustomizer> (0x00000000873b1268) 
thrown [s\open\src\hotspot\share\classfile\systemDictionary.cpp, line 256]
Event: 31.148 Thread 0x000001fcefa89380 Exception <a 'java/lang/ClassNotFoundException'{0x00000000873f9a08}: groovy/lang/Closure$1Customizer> (0x00000000873f9a08) 
thrown [s\open\src\hotspot\share\classfile\systemDictionary.cpp, line 256]
Event: 31.163 Thread 0x000001fcefa89380 Exception <a 'java/lang/ClassNotFoundException'{0x000000008f56f568}: org/jetbrains/kotlin/gradle/targets/js/npm/DefaultNpmDependencyExtensionBeanInfo> (0x000000008f56f568) 
thrown [s\open\src\hotspot\share\classfile\systemDictionary.cpp, line 256]
Event: 31.164 Thread 0x000001fcefa89380 Exception <a 'java/lang/ClassNotFoundException'{0x000000008f57db00}: org/jetbrains/kotlin/gradle/targets/js/npm/DefaultNpmDependencyExtensionCustomizer> (0x000000008f57db00) 
thrown [s\open\src\hotspot\share\classfile\systemDictionary.cpp, line 256]
Event: 31.177 Thread 0x000001fcefa89380 Exception <a 'java/lang/ClassNotFoundException'{0x000000008a61c018}: org/jetbrains/kotlin/gradle/targets/js/npm/NpmDependencyExtensionKt$defaultNpmDependencyDelegate$1BeanInfo> (0x000000008a61c018) 
thrown [s\open\src\hotspot\share\classfile\systemDictionary.cpp, line 256]
Event: 31.178 Thread 0x000001fcefa89380 Exception <a 'java/lang/ClassNotFoundException'{0x000000008a62bb30}: org/jetbrains/kotlin/gradle/targets/js/npm/NpmDependencyExtensionDelegateBeanInfo> (0x000000008a62bb30) 
thrown [s\open\src\hotspot\share\classfile\systemDictionary.cpp, line 256]
Event: 31.180 Thread 0x000001fcefa89380 Exception <a 'java/lang/ClassNotFoundException'{0x000000008a63b8e0}: org/jetbrains/kotlin/gradle/targets/js/npm/NpmDependencyExtensionDelegateCustomizer> (0x000000008a63b8e0) 
thrown [s\open\src\hotspot\share\classfile\systemDictionary.cpp, line 256]
Event: 31.183 Thread 0x000001fcefa89380 Exception <a 'java/lang/ClassNotFoundException'{0x000000008a66b1b0}: org/jetbrains/kotlin/gradle/targets/js/npm/NpmDependencyExtensionKt$defaultNpmDependencyDelegate$1Customizer> (0x000000008a66b1b0) 
thrown [s\open\src\hotspot\share\classfile\systemDictionary.cpp, line 256]
Event: 31.193 Thread 0x000001fcefa89380 Exception <a 'java/lang/ClassNotFoundException'{0x000000008a6b23a8}: org/jetbrains/kotlin/gradle/targets/js/npm/DefaultDevNpmDependencyExtensionBeanInfo> (0x000000008a6b23a8) 
thrown [s\open\src\hotspot\share\classfile\systemDictionary.cpp, line 256]
Event: 31.194 Thread 0x000001fcefa89380 Exception <a 'java/lang/ClassNotFoundException'{0x000000008a6c0988}: org/jetbrains/kotlin/gradle/targets/js/npm/DefaultDevNpmDependencyExtensionCustomizer> (0x000000008a6c0988) 
thrown [s\open\src\hotspot\share\classfile\systemDictionary.cpp, line 256]
Event: 31.200 Thread 0x000001fcefa89380 Exception <a 'java/lang/ClassNotFoundException'{0x000000008a5109b8}: org/jetbrains/kotlin/gradle/targets/js/npm/DefaultPeerNpmDependencyExtensionBeanInfo> (0x000000008a5109b8) 
thrown [s\open\src\hotspot\share\classfile\systemDictionary.cpp, line 256]
Event: 31.201 Thread 0x000001fcefa89380 Exception <a 'java/lang/ClassNotFoundException'{0x000000008a51efc0}: org/jetbrains/kotlin/gradle/targets/js/npm/DefaultPeerNpmDependencyExtensionCustomizer> (0x000000008a51efc0) 
thrown [s\open\src\hotspot\share\classfile\systemDictionary.cpp, line 256]
Event: 31.208 Thread 0x000001fcefa89380 Exception <a 'java/lang/ClassNotFoundException'{0x000000008a57bbc8}: org/jetbrains/kotlin/gradle/targets/js/npm/DefaultPeerNpmDependencyExtension$delegate$1BeanInfo> (0x000000008a57bbc8) 
thrown [s\open\src\hotspot\share\classfile\systemDictionary.cpp, line 256]
Event: 31.209 Thread 0x000001fcefa89380 Exception <a 'java/lang/ClassNotFoundException'{0x000000008a58aa58}: org/jetbrains/kotlin/gradle/targets/js/npm/DefaultPeerNpmDependencyExtension$delegate$1Customizer> (0x000000008a58aa58) 
thrown [s\open\src\hotspot\share\classfile\systemDictionary.cpp, line 256]
Event: 31.246 Thread 0x000001fcefa89380 Exception <a 'java/lang/NoSuchMethodError'{0x000000008a43c1a8}: static Lorg/jetbrains/kotlin/gradle/plugin/internal/DefaultIdeaSyncDetector$createIdeaPropertiesEvaluator$1;.<clinit>()V> (0x000000008a43c1a8) 
thrown [s\open\src\hotspot\share\prims\jni.cpp, line 1107]

VM Operations (20 events):
Event: 29.562 Executing VM operation: G1CollectForAllocation
Event: 29.567 Executing VM operation: G1CollectForAllocation done
Event: 30.088 Executing VM operation: HandshakeAllThreads
Event: 30.089 Executing VM operation: HandshakeAllThreads done
Event: 30.223 Executing VM operation: HandshakeAllThreads
Event: 30.223 Executing VM operation: HandshakeAllThreads done
Event: 30.256 Executing VM operation: HandshakeAllThreads
Event: 30.256 Executing VM operation: HandshakeAllThreads done
Event: 30.277 Executing VM operation: HandshakeAllThreads
Event: 30.278 Executing VM operation: HandshakeAllThreads done
Event: 31.141 Executing VM operation: ICBufferFull
Event: 31.141 Executing VM operation: ICBufferFull done
Event: 31.148 Executing VM operation: G1CollectForAllocation
Event: 31.153 Executing VM operation: G1CollectForAllocation done
Event: 31.964 Executing VM operation: G1CollectForAllocation
Event: 31.969 Executing VM operation: G1CollectForAllocation done
Event: 32.617 Executing VM operation: HandshakeAllThreads
Event: 32.617 Executing VM operation: HandshakeAllThreads done
Event: 33.575 Executing VM operation: G1CollectForAllocation
Event: 33.580 Executing VM operation: G1CollectForAllocation done

Events (20 events):
Event: 31.154 loading class com/sun/beans/finder/AbstractFinder done
Event: 31.154 loading class com/sun/beans/finder/MethodFinder done
Event: 31.154 loading class com/sun/beans/finder/MethodFinder$1
Event: 31.154 loading class com/sun/beans/finder/MethodFinder$1 done
Event: 31.154 loading class com/sun/beans/finder/FinderUtils
Event: 31.154 loading class com/sun/beans/finder/FinderUtils done
Event: 32.133 Thread 0x000001fcf4af8420 Thread exited: 0x000001fcf4af8420
Event: 33.707 loading class java/util/concurrent/atomic/AtomicIntegerArray
Event: 33.708 loading class java/util/concurrent/atomic/AtomicIntegerArray done
Event: 33.720 loading class java/util/Currency
Event: 33.721 loading class java/util/Currency done
Event: 33.748 loading class java/util/concurrent/atomic/AtomicLongArray
Event: 33.750 loading class java/util/concurrent/atomic/AtomicLongArray done
Event: 33.824 loading class sun/reflect/generics/repository/FieldRepository
Event: 33.825 loading class sun/reflect/generics/repository/FieldRepository done
Event: 33.857 loading class jdk/internal/vm/annotation/ForceInline
Event: 33.858 loading class jdk/internal/vm/annotation/ForceInline done
Event: 33.882 Thread 0x000001fcf4af5690 Thread added: 0x000001fcf4af5690
Event: 34.052 loading class java/util/regex/Pattern$Caret
Event: 34.052 loading class java/util/regex/Pattern$Caret done


Dynamic libraries:
0x00007ff670ca0000 - 0x00007ff670cb0000 	C:\Program Files\Java\jdk-17\bin\java.exe
0x00007ffe3dd40000 - 0x00007ffe3dfa8000 	C:\WINDOWS\SYSTEM32\ntdll.dll
0x00007ffe3ce40000 - 0x00007ffe3cf09000 	C:\WINDOWS\System32\KERNEL32.DLL
0x00007ffe3aed0000 - 0x00007ffe3b2c2000 	C:\WINDOWS\System32\KERNELBASE.dll
0x00007ffe3b670000 - 0x00007ffe3b7bb000 	C:\WINDOWS\System32\ucrtbase.dll
0x00007ffe12920000 - 0x00007ffe12939000 	C:\Program Files\Java\jdk-17\bin\jli.dll
0x00007ffe17c40000 - 0x00007ffe17c5b000 	C:\Program Files\Java\jdk-17\bin\VCRUNTIME140.dll
0x00007ffe3c190000 - 0x00007ffe3c244000 	C:\WINDOWS\System32\ADVAPI32.dll
0x00007ffe3bf30000 - 0x00007ffe3bfd9000 	C:\WINDOWS\System32\msvcrt.dll
0x00007ffe3c540000 - 0x00007ffe3c5e6000 	C:\WINDOWS\System32\sechost.dll
0x00007ffe3d240000 - 0x00007ffe3d358000 	C:\WINDOWS\System32\RPCRT4.dll
0x00007ffe3cfa0000 - 0x00007ffe3d165000 	C:\WINDOWS\System32\USER32.dll
0x00007ffe3b580000 - 0x00007ffe3b5a7000 	C:\WINDOWS\System32\win32u.dll
0x00007ffe3bed0000 - 0x00007ffe3befb000 	C:\WINDOWS\System32\GDI32.dll
0x00007ffe3b870000 - 0x00007ffe3b99d000 	C:\WINDOWS\System32\gdi32full.dll
0x00007ffe203d0000 - 0x00007ffe20663000 	C:\WINDOWS\WinSxS\amd64_microsoft.windows.common-controls_6595b64144ccf1df_6.0.26100.6899_none_3e0efeeae32e88c1\COMCTL32.dll
0x00007ffe3b7c0000 - 0x00007ffe3b863000 	C:\WINDOWS\System32\msvcp_win.dll
0x00007ffe32510000 - 0x00007ffe3251b000 	C:\WINDOWS\SYSTEM32\VERSION.dll
0x00007ffe3bb10000 - 0x00007ffe3bb3f000 	C:\WINDOWS\System32\IMM32.DLL
0x00007ffe34ad0000 - 0x00007ffe34adc000 	C:\Program Files\Java\jdk-17\bin\vcruntime140_1.dll
0x00007ffdffb50000 - 0x00007ffdffbde000 	C:\Program Files\Java\jdk-17\bin\msvcp140.dll
0x00007ffd8fca0000 - 0x00007ffd9087d000 	C:\Program Files\Java\jdk-17\bin\server\jvm.dll
0x00007ffe3c180000 - 0x00007ffe3c188000 	C:\WINDOWS\System32\PSAPI.DLL
0x00007ffe32520000 - 0x00007ffe32555000 	C:\WINDOWS\SYSTEM32\WINMM.dll
0x00007ffe19660000 - 0x00007ffe1966a000 	C:\WINDOWS\SYSTEM32\WSOCK32.dll
0x00007ffe3d170000 - 0x00007ffe3d1e4000 	C:\WINDOWS\System32\WS2_32.dll
0x00007ffe39c80000 - 0x00007ffe39c9b000 	C:\WINDOWS\SYSTEM32\kernel.appcore.dll
0x00007ffe2cf30000 - 0x00007ffe2cf3a000 	C:\Program Files\Java\jdk-17\bin\jimage.dll
0x00007ffe2e3d0000 - 0x00007ffe2e612000 	C:\WINDOWS\SYSTEM32\DBGHELP.DLL
0x00007ffe3d8f0000 - 0x00007ffe3dc6b000 	C:\WINDOWS\System32\combase.dll
0x00007ffe3bc10000 - 0x00007ffe3bce7000 	C:\WINDOWS\System32\OLEAUT32.dll
0x00007ffe1d190000 - 0x00007ffe1d1cc000 	C:\WINDOWS\SYSTEM32\dbgcore.DLL
0x00007ffe3b4e0000 - 0x00007ffe3b578000 	C:\WINDOWS\System32\bcryptPrimitives.dll
0x00007ffe35fe0000 - 0x00007ffe35fee000 	C:\Program Files\Java\jdk-17\bin\instrument.dll
0x00007ffe125b0000 - 0x00007ffe125d5000 	C:\Program Files\Java\jdk-17\bin\java.dll
0x00007ffd9f9a0000 - 0x00007ffd9fa77000 	C:\Program Files\Java\jdk-17\bin\jsvml.dll
0x00007ffe3c6f0000 - 0x00007ffe3ce3d000 	C:\WINDOWS\System32\SHELL32.dll
0x00007ffe3b9a0000 - 0x00007ffe3bb0b000 	C:\WINDOWS\System32\wintypes.dll
0x00007ffe38b10000 - 0x00007ffe3936d000 	C:\WINDOWS\SYSTEM32\windows.storage.dll
0x00007ffe3c440000 - 0x00007ffe3c532000 	C:\WINDOWS\System32\SHCORE.dll
0x00007ffe3d7f0000 - 0x00007ffe3d852000 	C:\WINDOWS\System32\shlwapi.dll
0x00007ffe3adf0000 - 0x00007ffe3ae19000 	C:\WINDOWS\SYSTEM32\profapi.dll
0x00007ffe123c0000 - 0x00007ffe123d8000 	C:\Program Files\Java\jdk-17\bin\zip.dll
0x00007ffe12400000 - 0x00007ffe12419000 	C:\Program Files\Java\jdk-17\bin\net.dll
0x00007ffe32fb0000 - 0x00007ffe330cf000 	C:\WINDOWS\SYSTEM32\WINHTTP.dll
0x00007ffe3a210000 - 0x00007ffe3a27b000 	C:\WINDOWS\system32\mswsock.dll
0x00007ffe123e0000 - 0x00007ffe123f6000 	C:\Program Files\Java\jdk-17\bin\nio.dll
0x00007ffe1fb00000 - 0x00007ffe1fb10000 	C:\Program Files\Java\jdk-17\bin\verify.dll
0x00007ffdc71d0000 - 0x00007ffdc71f7000 	C:\Users\Rokko\.gradle\native\1def1411415f61bf3af743bc5b6707747c0891f09f0c88961ee8f79bc544acac\windows-amd64\native-platform.dll
0x00007ffdb4890000 - 0x00007ffdb4908000 	C:\Users\Rokko\.gradle\native\0.2.7\x86_64-windows-gnu\gradle-fileevents.dll
0x00007ffe360a0000 - 0x00007ffe360aa000 	C:\Program Files\Java\jdk-17\bin\management.dll
0x00007ffe36060000 - 0x00007ffe3606b000 	C:\Program Files\Java\jdk-17\bin\management_ext.dll
0x00007ffe39660000 - 0x00007ffe39694000 	C:\WINDOWS\SYSTEM32\IPHLPAPI.DLL
0x00007ffe3cf90000 - 0x00007ffe3cf9a000 	C:\WINDOWS\System32\NSI.dll
0x00007ffe32f30000 - 0x00007ffe32f4e000 	C:\WINDOWS\SYSTEM32\dhcpcsvc6.DLL
0x00007ffe32f00000 - 0x00007ffe32f23000 	C:\WINDOWS\SYSTEM32\dhcpcsvc.DLL
0x00007ffe396f0000 - 0x00007ffe39816000 	C:\WINDOWS\SYSTEM32\DNSAPI.dll
0x00007ffe3a4c0000 - 0x00007ffe3a4db000 	C:\WINDOWS\SYSTEM32\CRYPTSP.dll
0x00007ffe39be0000 - 0x00007ffe39c1b000 	C:\WINDOWS\system32\rsaenh.dll
0x00007ffe3a2b0000 - 0x00007ffe3a2db000 	C:\WINDOWS\SYSTEM32\USERENV.dll
0x00007ffe3adc0000 - 0x00007ffe3ade6000 	C:\WINDOWS\SYSTEM32\bcrypt.dll
0x00007ffe3a4e0000 - 0x00007ffe3a4ec000 	C:\WINDOWS\SYSTEM32\CRYPTBASE.dll
0x00007ffe35fd0000 - 0x00007ffe35fdd000 	C:\Program Files\Java\jdk-17\bin\sunmscapi.dll
0x00007ffe3b2d0000 - 0x00007ffe3b447000 	C:\WINDOWS\System32\CRYPT32.dll
0x00007ffe3a6e0000 - 0x00007ffe3a710000 	C:\WINDOWS\SYSTEM32\ncrypt.dll
0x00007ffe3a690000 - 0x00007ffe3a6cf000 	C:\WINDOWS\SYSTEM32\NTASN1.dll
0x00007ffdf55e0000 - 0x00007ffdf55e8000 	C:\WINDOWS\system32\wshunix.dll

dbghelp: loaded successfully - version: 4.0.5 - missing functions: none
symbol engine: initialized successfully - sym options: 0x614 - pdb path: .;C:\Program Files\Java\jdk-17\bin;C:\WINDOWS\SYSTEM32;C:\WINDOWS\WinSxS\amd64_microsoft.windows.common-controls_6595b64144ccf1df_6.0.26100.6899_none_3e0efeeae32e88c1;C:\Program Files\Java\jdk-17\bin\server;C:\Users\Rokko\.gradle\native\1def1411415f61bf3af743bc5b6707747c0891f09f0c88961ee8f79bc544acac\windows-amd64;C:\Users\Rokko\.gradle\native\0.2.7\x86_64-windows-gnu

VM Arguments:
jvm_args: --add-opens=java.base/java.lang=ALL-UNNAMED --add-opens=java.base/java.lang.invoke=ALL-UNNAMED --add-opens=java.base/java.util=ALL-UNNAMED --add-opens=java.prefs/java.util.prefs=ALL-UNNAMED --add-exports=jdk.compiler/com.sun.tools.javac.api=ALL-UNNAMED --add-exports=jdk.compiler/com.sun.tools.javac.util=ALL-UNNAMED --add-opens=java.base/java.util=ALL-UNNAMED --add-opens=java.prefs/java.util.prefs=ALL-UNNAMED --add-opens=java.base/java.nio.charset=ALL-UNNAMED --add-opens=java.base/java.net=ALL-UNNAMED --add-opens=java.base/java.util.concurrent.atomic=ALL-UNNAMED --add-opens=java.xml/javax.xml.namespace=ALL-UNNAMED -Xmx2048m -Dfile.encoding=UTF-8 -Duser.country=PE -Duser.language=es -Duser.variant -javaagent:C:\Users\Rokko\.gradle\wrapper\dists\gradle-8.13-bin\5xuhj0ry160q40clulazy9h7d\gradle-8.13\lib\agents\gradle-instrumentation-agent-8.13.jar 
java_command: org.gradle.launcher.daemon.bootstrap.GradleDaemon 8.13
java_class_path (initial): C:\Users\Rokko\.gradle\wrapper\dists\gradle-8.13-bin\5xuhj0ry160q40clulazy9h7d\gradle-8.13\lib\gradle-daemon-main-8.13.jar
Launcher Type: SUN_STANDARD

[Global flags]
     intx CICompilerCount                          = 4                                         {product} {ergonomic}
     uint ConcGCThreads                            = 3                                         {product} {ergonomic}
     uint G1ConcRefinementThreads                  = 10                                        {product} {ergonomic}
   size_t G1HeapRegionSize                         = 1048576                                   {product} {ergonomic}
    uintx GCDrainStackTargetSize                   = 64                                        {product} {ergonomic}
   size_t InitialHeapSize                          = 257949696                                 {product} {ergonomic}
   size_t MarkStackSize                            = 4194304                                   {product} {ergonomic}
   size_t MaxHeapSize                              = 2147483648                                {product} {command line}
   size_t MaxNewSize                               = 1287651328                                {product} {ergonomic}
   size_t MinHeapDeltaBytes                        = 1048576                                   {product} {ergonomic}
   size_t MinHeapSize                              = 8388608                                   {product} {ergonomic}
    uintx NonNMethodCodeHeapSize                   = 5839372                                {pd product} {ergonomic}
    uintx NonProfiledCodeHeapSize                  = 122909434                              {pd product} {ergonomic}
    uintx ProfiledCodeHeapSize                     = 122909434                              {pd product} {ergonomic}
    uintx ReservedCodeCacheSize                    = 251658240                              {pd product} {ergonomic}
     bool SegmentedCodeCache                       = true                                      {product} {ergonomic}
   size_t SoftMaxHeapSize                          = 2147483648                             {manageable} {ergonomic}
     bool UseCompressedClassPointers               = true                           {product lp64_product} {ergonomic}
     bool UseCompressedOops                        = true                           {product lp64_product} {ergonomic}
     bool UseG1GC                                  = true                                      {product} {ergonomic}
     bool UseLargePagesIndividualAllocation        = false                                  {pd product} {ergonomic}

Logging:
Log output configuration:
 #0: stdout all=warning uptime,level,tags
 #1: stderr all=off uptime,level,tags

Environment Variables:
CLASSPATH=D:\Portafolio\Essalud-reserva-medica-app\\gradle\wrapper\gradle-wrapper.jar
PATH=c:\\Users\\Rokko\\.trae\\sdks\\workspaces\\6f4a24f4\\versions\\node\\current;c:\\Users\\Rokko\\.trae\\sdks\\versions\\node\\current;C:\Program Files\WindowsApps\Microsoft.PowerShell_7.5.4.0_x64__8wekyb3d8bbwe;c:\Users\Rokko\.trae\sdks\workspaces\6f4a24f4\versions\node\current;c:\Users\Rokko\.trae\sdks\versions\node\current;c:\Users\Rokko\AppData\Local\Programs\cursor\resources\app\bin;C:\Program Files\Common Files\Oracle\Java\javapath;C:\windows\system32;C:\windows;C:\windows\System32\Wbem;C:\windows\System32\WindowsPowerShell\v1.0\;C:\windows\System32\OpenSSH\;C:\Program Files (x86)\NVIDIA Corporation\PhysX\Common;C:\Program Files (x86)\Dev-Cpp\MinGW64\bin;C:\WINDOWS\system32;C:\WINDOWS;C:\WINDOWS\System32\Wbem;C:\WINDOWS\System32\WindowsPowerShell\v1.0\;C:\WINDOWS\System32\OpenSSH\;C:\Program Files (x86)\Microsoft SQL Server\160\Tools\Binn\;C:\Program Files\Microsoft SQL Server\160\Tools\Binn\;C:\Program Files\Microsoft SQL Server\Client SDK\ODBC\170\Tools\Binn\;C:\Program Files\Microsoft SQL Server\160\DTS\Binn\;C:\Program Files (x86)\Microsoft SQL Server\160\DTS\Binn\;C:\Program Files\Microsoft SQL Server\150\Tools\Binn\;C:\Program Files (x86)\Wind;C:\WINDOWS\system32;C:\WINDOWS;C:\WINDOWS\System32\Wbem;C:\WINDOWS\System32\WindowsPowerShell\v1.0\;C:\WINDOWS\System32\OpenSSH\;C:\Program Files\NVIDIA Corporation\NVIDIA app\NvDLISR;C:\Program Files\MySQL\MySQL Server 9.1\bin;C:\Program Files (x86)\Windows Kits\10\Windows Performance Toolkit\;C:\Program Files\nodejs\;C:\Program Files\Git\cmd;C:\Program Files\dotnet\;C:\Program Files\GTK3-Runtime Win64\bin;C:\Users\Rokko\AppData\Local\Programs\Python\Python313\Scripts\;C:\Users\Rokko\AppData\Local\Programs\Python\Python313\;C:\Users\Rokko\AppData\Local\Programs\Python\Python311\Scripts\;C:\Users\Rokko\AppData\Local\Programs\Python\Python311\;C:\Users\Rokko\AppData\Local\Microsoft\WindowsApps;C:\Program Files (x86)\Dev-Cpp\MinGW64\bin;C:\Users\Rokko\AppData\Local\Programs\Microsoft VS Code\bin;C:\Users\Rokko\AppData
USERNAME=Rokko
LANG=en_US.UTF-8
OS=Windows_NT
PROCESSOR_IDENTIFIER=AMD64 Family 23 Model 96 Stepping 1, AuthenticAMD



---------------  S Y S T E M  ---------------

OS:
 Windows 11 , 64 bit Build 26100 (10.0.26100.6725)
OS uptime: 0 days 2:59 hours
Hyper-V role detected

CPU: total 12 (initial active 12) (12 cores per cpu, 2 threads per core) family 23 model 96 stepping 1 microcode 0x860010c, cx8, cmov, fxsr, ht, mmx, 3dnowpref, sse, sse2, sse3, ssse3, sse4a, sse4.1, sse4.2, popcnt, lzcnt, tsc, tscinvbit, avx, avx2, aes, clmul, bmi1, bmi2, adx, sha, fma, vzeroupper, clflush, clflushopt, hv

Memory: 4k page, system-wide physical 15731M (702M free)
TotalPageFile size 24762M (AvailPageFile size 22M)
current process WorkingSet (physical memory assigned to process): 402M, peak: 405M
current process commit charge ("private bytes"): 454M, peak: 456M

vm_info: Java HotSpot(TM) 64-Bit Server VM (17.0.7+8-LTS-224) for windows-amd64 JRE (17.0.7+8-LTS-224), built on Feb 28 2023 23:03:02 by "mach5one" with MS VC++ 17.1 (VS2022)

END.
